Full debug session for FullDebugLog_20apr10_090730
20/04/10 09:07:32.876 TX $2B$2B$2B$41$54$48$0D$0A
20/04/10 09:07:35.564 RX $0D$0A$4F$4B
20/04/10 09:07:37.564 TX $41$54$5A$0D$0A
20/04/10 09:07:37.564 RX $0D$0A$0D$0A$4F$4B
20/04/10 09:07:38.392 TX $41$54$53$30$3D$30$45$30$56$31$0D$0A
20/04/10 09:07:38.392 RX $0D$0A$41$54$53$30$3D$30$45$30$56$31$0D$0D$0A$4F$4B
20/04/10 09:07:39.001 TX $41$54$44$30$34$38$35$35$35$39$33$38$30$0D$0A
20/04/10 09:07:39.001 RX $0D$0A$0D$0A$43$4F$4E$4E$45$43$54$20$39$36$30$30$2F$52$4C$50$0D$0A
20/04/10 09:08:03.567 TX $7E$A0$1E$03$41$93$98$5E$81$80$12$05$01$80$06$01$80$07$04$00$00$00$01$08$04$00$00$00$01$53$3B$7E
20/04/10 09:08:05.099 RX $7E$A0$1E$41$03$73$8E$7F$81$80$12$05$01$80$06$01$3E$07$04$00$00$00$01$08$04$00$00$00$01$07$22$7E
20/04/10 09:08:05.255 TX $7E$A0$43$03$41$10$92$B6$E6$E6$00$60$35$A1$09$06$07$60$85$74$05$08$01$02$8A$02$07$80$8B$07$60$85$74$05$08$02$01$AC$0A$80$08$30$30$30$30$30$30$30$30$BE$0F$04$0D$01$00$00$00$06$5F$04$00$18$02$20$FF$FF$D9$87$7E
20/04/10 09:08:06.896 RX $7E$A0$36$41$03$30$9A$65$E6$E7$00$61$28$A1$09$06$07$60$85$74$05$08$01$02$A2$03$02$01$00$A3$05$A1$03$02$01$00$BE$0F$04$0D$08$00$06$5F$04$00$18$02$20$05$DC$FA$00$B1$7A$7E
20/04/10 09:08:07.005 TX $7E$A0$07$03$41$31$42$E2$7E
20/04/10 09:08:08.536 RX $7E$A0$07$41$03$31$5A$24$7E
20/04/10 09:08:08.646 TX $7E$A0$11$03$41$32$E2$58$E6$E6$00$05$01$02$FC$08$C8$CA$7E
20/04/10 09:08:10.177 RX $7E$A0$3F$41$03$52$ED$DC$E6$E7$00$0C$01$00$01$02$02$02$12$00$01$09$10$4C$47$5A$38$30$31$33$31$30$34$35$00$00$00$00$00$02$02$12$00$11$09$10$4C$47$5A$38$30$31$33$31$30$36$32$2D$32$00$00$00$56$D1$7E
20/04/10 09:08:10.396 TX $7E$A0$07$03$41$51$44$81$7E
20/04/10 09:08:11.927 RX $7E$A0$07$41$03$51$5C$47$7E
20/04/10 09:08:12.036 TX $7E$A0$11$03$41$54$D2$5E$E6$E6$00$05$01$02$FA$08$18$9E$7E
20/04/10 09:08:14.442 RX $7E$A8$5A$41$03$74$4A$35$E6$E7$00$0C$01$00$01$81$DC$02$04$10$00$C8$12$27$16$11$00$09$06$00$00$F0$0D$00$FF$02$04$10$7B$70$12$27$12$11$05$09$06$00$00$F0$00$00$FF$02$04$10$CB$20$12$27$60$11$01$09$06$00$00$F0$0F$00$FF$02$04$10$7C$38$12$00$03$11$00$09$06$01$01$0D$23$00$FF$32$30$7E
20/04/10 09:08:14.661 TX $7E$A0$07$03$41$71$46$A0$7E
20/04/10 09:08:16.192 RX $7E$A8$75$41$03$76$F2$2B$02$04$10$2F$A8$12$00$03$11$00$09$06$00$00$61$61$00$FF$02$04$10$60$18$12$00$03$11$00$09$06$00$00$60$F0$0C$FF$02$04$10$2B$C0$12$00$08$11$00$09$06$00$00$01$00$00$FF$02$04$10$C7$38$12$00$14$11$00$09$06$00$00$0D$00$00$FF$02$04$10$C8$00$12$00$0B$11$00$09$06$00$00$0B$00$00$FF$02$04$10$3B$10$12$00$03$11$00$09$06$01$00$00$02$07$FF$61$36$7E
20/04/10 09:08:16.411 TX $7E$A0$07$03$41$91$48$47$7E
20/04/10 09:08:17.942 RX $7E$A8$75$41$03$78$8C$C2$02$04$10$3B$88$12$00$03$11$00$09$06$00$00$60$02$07$FF$02$04$10$2A$F8$12$00$01$11$00$09$06$00$00$F0$13$01$FF$02$04$10$2E$18$12$00$13$11$00$09$06$00$00$14$00$00$FF$02$04$10$2D$50$12$00$13$11$00$09$06$00$00$14$00$01$FF$02$04$10$2C$B0$12$00$17$11$00$09$06$00$00$16$00$00$FF$02$04$10$2B$5C$12$00$17$11$00$09$06$00$01$16$00$00$FF$09$DB$7E
20/04/10 09:08:18.161 TX $7E$A0$07$03$41$B1$4A$66$7E
20/04/10 09:08:19.692 RX $7E$A8$75$41$03$7A$9E$E1$02$04$10$49$70$12$27$1E$11$00$09$06$00$00$60$06$03$FF$02$04$10$FA$00$12$00$0C$11$00$09$06$00$00$28$00$00$FF$02$04$10$4A$38$12$27$21$11$07$09$06$00$00$F0$0A$00$FF$02$04$10$2E$E0$12$27$24$11$00$09$06$00$00$F0$0C$00$FF$02$04$10$65$90$12$27$22$11$00$09$06$00$00$F0$03$00$FF$02$04$10$67$20$12$27$74$11$03$09$06$00$00$F0$01$00$FF$81$2C$7E
20/04/10 09:08:19.911 TX $7E$A0$07$03$41$D1$4C$05$7E
20/04/10 09:08:21.442 RX $7E$A8$75$41$03$7C$A8$84$02$04$10$FC$00$12$00$11$11$00$09$06$00$00$29$00$00$FF$02$04$10$C5$A8$12$27$38$11$04$09$06$00$00$F0$07$00$FF$02$04$10$C6$70$12$00$16$11$00$09$06$00$00$0F$00$00$FF$02$04$10$2A$30$12$00$03$11$00$09$06$00$00$60$5A$02$FF$02$04$10$BF$68$12$00$03$11$00$09$06$00$01$60$F0$08$FF$02$04$10$C0$F8$12$00$03$11$00$09$06$00$02$60$F0$09$FF$BF$82$7E
20/04/10 09:08:21.661 TX $7E$A0$07$03$41$F1$4E$24$7E
20/04/10 09:08:23.192 RX $7E$A8$75$41$03$7E$BA$A7$02$04$10$C1$C0$12$00$03$11$00$09$06$00$02$60$F0$08$FF$02$04$10$46$50$12$29$A4$11$00$09$06$00$00$60$32$00$FF$02$04$10$60$E0$12$00$07$11$01$09$06$01$00$63$62$00$FF$02$04$10$62$70$12$00$07$11$01$09$06$01$00$63$01$00$FF$02$04$10$64$00$12$00$07$11$01$09$06$00$00$62$01$00$7E$02$04$10$03$E8$12$00$03$11$00$09$06$00$00$7F$00$00$00$24$DE$7E
20/04/10 09:08:23.411 TX $7E$A0$07$03$41$11$40$C3$7E
20/04/10 09:08:24.942 RX $7E$A8$75$41$03$70$C4$4E$02$04$10$04$B0$12$00$03$11$00$09$06$00$00$7F$00$00$00$02$04$10$05$78$12$00$03$11$00$09$06$00$00$7F$00$00$00$02$04$10$06$40$12$00$03$11$00$09$06$00$00$7F$00$00$00$02$04$10$07$08$12$00$03$11$00$09$06$00$00$7F$00$00$00$02$04$10$07$D0$12$00$03$11$00$09$06$00$00$7F$00$00$00$02$04$10$08$98$12$00$03$11$00$09$06$00$00$7F$00$00$00$D6$6A$7E
20/04/10 09:08:25.161 TX $7E$A0$07$03$41$31$42$E2$7E
20/04/10 09:08:26.692 RX $7E$A8$75$41$03$72$D6$6D$02$04$10$09$60$12$00$03$11$00$09$06$00$00$7F$00$00$00$02$04$10$0A$28$12$00$03$11$00$09$06$00$00$7F$00$00$00$02$04$10$0A$F0$12$00$03$11$00$09$06$00$00$7F$00$00$00$02$04$10$0B$B8$12$00$03$11$00$09$06$00$00$7F$00$00$00$02$04$10$0C$80$12$00$03$11$00$09$06$00$00$7F$00$00$00$02$04$10$0D$48$12$00$03$11$00$09$06$00$00$7F$00$00$00$E0$72$7E
20/04/10 09:08:26.911 TX $7E$A0$07$03$41$51$44$81$7E
20/04/10 09:08:28.442 RX $7E$A8$75$41$03$74$E0$08$02$04$10$0E$10$12$00$03$11$00$09$06$00$00$7F$00$00$00$02$04$10$0E$D8$12$00$03$11$00$09$06$00$00$7F$00$00$00$02$04$10$0F$A0$12$00$03$11$00$09$06$00$00$7F$00$00$00$02$04$10$10$68$12$00$03$11$00$09$06$00$00$7F$00$00$00$02$04$10$11$30$12$00$03$11$00$09$06$00$00$7F$00$00$00$02$04$10$11$F8$12$00$03$11$00$09$06$00$00$7F$00$00$00$A7$F1$7E
20/04/10 09:08:28.661 TX $7E$A0$07$03$41$71$46$A0$7E
20/04/10 09:08:30.192 RX $7E$A8$75$41$03$76$F2$2B$02$04$10$12$C0$12$00$03$11$00$09$06$00$00$7F$00$00$00$02$04$10$13$88$12$00$03$11$00$09$06$00$00$7F$00$00$00$02$04$10$14$50$12$00$03$11$00$09$06$00$00$7F$00$00$00$02$04$10$15$18$12$00$03$11$00$09$06$00$00$7F$00$00$00$02$04$10$15$E0$12$00$03$11$00$09$06$00$00$7F$00$00$00$02$04$10$17$70$12$00$03$11$00$09$06$01$01$01$08$00$FF$21$CA$7E
20/04/10 09:08:30.411 TX $7E$A0$07$03$41$91$48$47$7E
20/04/10 09:08:31.942 RX $7E$A8$75$41$03$78$8C$C2$02$04$10$18$38$12$00$03$11$00$09$06$01$01$05$08$00$FF$02$04$10$19$00$12$00$03$11$00$09$06$01$01$08$08$00$FF$02$04$10$19$C8$12$00$03$11$00$09$06$01$01$02$08$00$FF$02$04$10$1A$90$12$00$03$11$00$09$06$01$01$07$08$00$FF$02$04$10$1B$58$12$00$03$11$00$09$06$01$01$06$08$00$FF$02$04$10$1C$20$12$00$03$11$00$09$06$00$00$7F$00$00$00$C9$A7$7E
20/04/10 09:08:32.161 TX $7E$A0$07$03$41$B1$4A$66$7E
20/04/10 09:08:33.692 RX $7E$A8$75$41$03$7A$9E$E1$02$04$10$1C$E8$12$00$03$11$00$09$06$00$00$7F$00$00$00$02$04$10$1D$B0$12$00$03$11$00$09$06$00$00$7F$00$00$00$02$04$10$1E$78$12$00$03$11$00$09$06$00$00$7F$00$00$00$02$04$10$CB$E8$12$00$05$11$00$09$06$01$01$01$04$00$FF$02$04$10$CC$B0$12$00$05$11$00$09$06$01$01$05$04$00$FF$02$04$10$CD$78$12$00$05$11$00$09$06$01$01$08$04$00$FF$86$DE$7E
20/04/10 09:08:33.927 TX $7E$A0$07$03$41$D1$4C$05$7E
20/04/10 09:08:35.458 RX $7E$A8$75$41$03$7C$A8$84$02$04$10$CE$40$12$00$05$11$00$09$06$01$01$02$04$00$FF$02$04$10$CF$08$12$00$05$11$00$09$06$01$01$07$04$00$FF$02$04$10$CF$D0$12$00$05$11$00$09$06$01$01$06$04$00$FF$02$04$10$D0$98$12$00$05$11$00$09$06$00$00$7F$00$00$00$02$04$10$D1$60$12$00$05$11$00$09$06$00$00$7F$00$00$00$02$04$10$D2$F0$12$00$04$11$00$09$06$01$01$01$06$00$FF$98$96$7E
20/04/10 09:08:35.708 TX $7E$A0$07$03$41$F1$4E$24$7E
20/04/10 09:08:37.239 RX $7E$A8$75$41$03$7E$BA$A7$02$04$10$D3$B8$12$00$04$11$00$09$06$01$01$05$06$00$FF$02$04$10$D4$80$12$00$04$11$00$09$06$01$01$08$06$00$FF$02$04$10$D5$48$12$00$04$11$00$09$06$01$01$02$06$00$FF$02$04$10$D6$10$12$00$04$11$00$09$06$01$01$07$06$00$FF$02$04$10$D6$D8$12$00$04$11$00$09$06$01$01$06$06$00$FF$02$04$10$D7$A0$12$00$04$11$00$09$06$00$00$7F$00$00$00$51$E5$7E
20/04/10 09:08:37.458 TX $7E$A0$07$03$41$11$40$C3$7E
20/04/10 09:08:38.989 RX $7E$A8$75$41$03$70$C4$4E$02$04$10$D8$68$12$00$04$11$00$09$06$00$00$7F$00$00$00$02$04$10$D9$30$12$00$04$11$00$09$06$00$00$7F$00$00$00$02$04$10$D9$F8$12$00$04$11$00$09$06$00$00$7F$00$00$00$02$04$10$DA$C0$12$00$04$11$00$09$06$00$00$7F$00$00$00$02$04$10$DB$88$12$00$04$11$00$09$06$00$00$7F$00$00$00$02$04$10$DC$50$12$00$04$11$00$09$06$00$00$7F$00$00$00$8D$3F$7E
20/04/10 09:08:39.208 TX $7E$A0$07$03$41$31$42$E2$7E
20/04/10 09:08:40.739 RX $7E$A8$75$41$03$72$D6$6D$02$04$10$DD$18$12$00$04$11$00$09$06$00$00$7F$00$00$00$02$04$10$DD$E0$12$00$04$11$00$09$06$00$00$7F$00$00$00$02$04$10$DE$A8$12$00$04$11$00$09$06$00$00$7F$00$00$00$02$04$10$DF$70$12$00$04$11$00$09$06$00$00$7F$00$00$00$02$04$10$E0$38$12$00$04$11$00$09$06$00$00$7F$00$00$00$02$04$10$E1$00$12$00$04$11$00$09$06$00$00$7F$00$00$00$1A$52$7E
20/04/10 09:08:40.958 TX $7E$A0$07$03$41$51$44$81$7E
20/04/10 09:08:42.489 RX $7E$A8$75$41$03$74$E0$08$02$04$10$E1$C8$12$00$04$11$00$09$06$00$00$7F$00$00$00$02$04$10$E2$90$12$00$04$11$00$09$06$00$00$7F$00$00$00$02$04$10$E3$58$12$00$04$11$00$09$06$00$00$7F$00$00$00$02$04$10$E4$20$12$00$04$11$00$09$06$00$00$7F$00$00$00$02$04$10$E4$E8$12$00$04$11$00$09$06$00$00$7F$00$00$00$02$04$10$E5$B0$12$00$03$11$00$09$06$01$01$01$02$00$FF$F4$DC$7E
20/04/10 09:08:42.708 TX $7E$A0$07$03$41$71$46$A0$7E
20/04/10 09:08:44.239 RX $7E$A8$75$41$03$76$F2$2B$02$04$10$E6$78$12$00$03$11$00$09$06$01$01$05$02$00$FF$02$04$10$E7$40$12$00$03$11$00$09$06$01$01$08$02$00$FF$02$04$10$E8$08$12$00$03$11$00$09$06$01$01$02$02$00$FF$02$04$10$E8$D0$12$00$03$11$00$09$06$01$01$07$02$00$FF$02$04$10$E9$98$12$00$03$11$00$09$06$01$01$06$02$00$FF$02$04$10$EA$60$12$00$03$11$00$09$06$00$00$7F$00$00$00$C8$BA$7E
20/04/10 09:08:44.458 TX $7E$A0$07$03$41$91$48$47$7E
20/04/10 09:08:45.989 RX $7E$A8$75$41$03$78$8C$C2$02$04$10$EB$28$12$00$03$11$00$09$06$00$00$7F$00$00$00$02$04$10$EB$F0$12$00$03$11$00$09$06$00$00$7F$00$00$00$02$04$10$EC$B8$12$00$03$11$00$09$06$00$00$7F$00$00$00$02$04$10$ED$80$12$00$03$11$00$09$06$00$00$7F$00$00$00$02$04$10$EE$48$12$00$03$11$00$09$06$00$00$7F$00$00$00$02$04$10$EF$10$12$00$03$11$00$09$06$00$00$7F$00$00$00$4E$81$7E
20/04/10 09:08:46.208 TX $7E$A0$07$03$41$B1$4A$66$7E
20/04/10 09:08:47.739 RX $7E$A8$75$41$03$7A$9E$E1$02$04$10$EF$D8$12$00$03$11$00$09$06$00$00$7F$00$00$00$02$04$10$F0$A0$12$00$03$11$00$09$06$00$00$7F$00$00$00$02$04$10$F1$68$12$00$03$11$00$09$06$00$00$7F$00$00$00$02$04$10$F2$30$12$00$03$11$00$09$06$00$00$7F$00$00$00$02$04$10$F2$F8$12$00$03$11$00$09$06$00$00$7F$00$00$00$02$04$10$F3$C0$12$00$03$11$00$09$06$00$00$7F$00$00$00$F5$FC$7E
20/04/10 09:08:47.958 TX $7E$A0$07$03$41$D1$4C$05$7E
20/04/10 09:08:49.489 RX $7E$A8$75$41$03$7C$A8$84$02$04$10$F4$88$12$00$03$11$00$09$06$00$00$7F$00$00$00$02$04$10$F5$50$12$00$03$11$00$09$06$00$00$7F$00$00$00$02$04$10$F6$18$12$00$03$11$00$09$06$00$00$7F$00$00$00$02$04$10$F6$E0$12$00$03$11$00$09$06$00$00$7F$00$00$00$02$04$10$F7$A8$12$00$03$11$00$09$06$00$00$7F$00$00$00$02$04$10$44$C0$12$00$01$11$00$09$06$01$00$00$00$00$FF$29$1E$7E
20/04/10 09:08:49.708 TX $7E$A0$07$03$41$F1$4E$24$7E
20/04/10 09:08:51.239 RX $7E$A8$75$41$03$7E$BA$A7$02$04$10$43$F8$12$00$01$11$00$09$06$01$00$00$00$01$FF$02$04$10$43$30$12$00$01$11$00$09$06$01$00$00$00$02$FF$02$04$10$42$68$12$00$01$11$00$09$06$01$00$00$00$03$FF$02$04$10$40$D8$12$00$01$11$00$09$06$00$00$60$01$00$FF$02$04$10$40$10$12$00$01$11$00$09$06$00$00$60$01$01$FF$02$04$10$3F$48$12$00$03$11$00$09$06$00$00$60$02$01$FF$02$4C$7E
20/04/10 09:08:51.458 TX $7E$A0$07$03$41$11$40$C3$7E
20/04/10 09:08:52.989 RX $7E$A8$75$41$03$70$C4$4E$02$04$10$3E$80$12$00$03$11$00$09$06$00$01$60$02$05$FF$02$04$10$3A$98$12$00$03$11$00$09$06$00$00$60$02$02$FF$02$04$10$3D$B8$12$00$01$11$00$09$06$00$00$60$F0$00$FF$02$04$10$FF$00$12$00$01$11$00$09$06$01$00$00$02$00$FF$02$04$10$39$D0$12$00$01$11$00$09$06$01$00$00$02$01$FF$02$04$10$38$40$12$00$01$11$00$09$06$00$00$60$5A$FF$FF$DB$78$7E
20/04/10 09:08:53.208 TX $7E$A0$07$03$41$31$42$E2$7E
20/04/10 09:08:54.739 RX $7E$A8$75$41$03$72$D6$6D$02$04$10$FD$00$12$00$01$11$00$09$06$00$00$2A$00$00$FF$02$04$10$48$A8$12$00$01$11$00$09$06$00$00$60$69$08$FF$02$04$10$3C$28$12$00$01$11$00$09$06$01$00$00$02$04$FF$02$04$10$47$E0$12$00$01$11$00$09$06$00$00$60$5A$01$FF$02$04$10$7E$90$12$00$01$11$00$09$06$01$00$00$01$02$FF$02$04$10$36$B0$12$00$03$11$00$09$06$01$01$00$03$00$FF$68$73$7E
20/04/10 09:08:54.958 TX $7E$A0$07$03$41$51$44$81$7E
20/04/10 09:08:56.489 RX $7E$A8$75$41$03$74$E0$08$02$04$10$35$E8$12$00$03$11$00$09$06$01$01$00$03$01$FF$02$04$10$35$20$12$00$03$11$00$09$06$01$01$00$04$00$FF$02$04$10$34$58$12$00$03$11$00$09$06$01$00$00$04$01$FF$02$04$10$33$90$12$00$03$11$00$09$06$01$01$00$04$02$FF$02$04$10$32$C8$12$00$03$11$00$09$06$01$01$00$04$03$FF$02$04$10$A4$10$12$00$15$11$00$09$06$01$01$20$23$00$FF$F0$55$7E
20/04/10 09:08:56.708 TX $7E$A0$07$03$41$71$46$A0$7E
20/04/10 09:08:58.239 RX $7E$A8$75$41$03$76$F2$2B$02$04$10$A4$D8$12$00$15$11$00$09$06$01$01$34$23$00$FF$02$04$10$A5$A0$12$00$15$11$00$09$06$01$01$48$23$00$FF$02$04$10$A6$68$12$00$15$11$00$09$06$01$01$20$1F$00$FF$02$04$10$A7$30$12$00$15$11$00$09$06$01$01$34$1F$00$FF$02$04$10$A7$F8$12$00$15$11$00$09$06$01$01$48$1F$00$FF$02$04$10$8E$30$12$00$03$11$00$09$06$00$00$7F$00$00$00$D6$12$7E
20/04/10 09:08:58.458 TX $7E$A0$07$03$41$91$48$47$7E
20/04/10 09:08:59.989 RX $7E$A8$75$41$03$78$8C$C2$02$04$10$8E$F8$12$00$03$11$00$09$06$00$00$7F$00$00$00$02$04$10$8F$C0$12$00$03$11$00$09$06$00$00$7F$00$00$00$02$04$10$90$88$12$00$03$11$00$09$06$00$00$7F$00$00$00$02$04$10$91$50$12$00$03$11$00$09$06$00$00$7F$00$00$00$02$04$10$92$18$12$00$03$11$00$09$06$00$00$7F$00$00$00$02$04$10$92$E0$12$00$03$11$00$09$06$00$00$7F$00$00$00$F4$3E$7E
20/04/10 09:09:00.224 TX $7E$A0$07$03$41$B1$4A$66$7E
20/04/10 09:09:01.755 RX $7E$A8$75$41$03$7A$9E$E1$02$04$10$93$A8$12$00$03$11$00$09$06$00$00$7F$00$00$00$02$04$10$94$70$12$00$03$11$00$09$06$00$00$60$08$00$FF$02$04$10$FE$00$12$00$03$11$00$09$06$00$00$60$02$00$FF$02$04$10$C3$50$12$00$03$11$00$09$06$01$00$00$01$00$FF$02$04$10$8D$68$12$00$03$11$00$09$06$00$00$60$06$00$FF$02$04$10$8A$48$12$00$03$11$00$09$06$00$00$60$07$01$FF$FF$46$7E
20/04/10 09:09:01.974 TX $7E$A0$07$03$41$D1$4C$05$7E
20/04/10 09:09:03.505 RX $7E$A8$75$41$03$7C$A8$84$02$04$10$8B$10$12$00$03$11$00$09$06$00$00$60$07$02$FF$02$04$10$8B$D8$12$00$03$11$00$09$06$00$00$60$07$03$FF$02$04$10$8C$A0$12$00$03$11$00$09$06$00$00$60$07$00$FF$02$04$10$29$68$12$27$1A$11$01$09$06$00$00$F0$0E$00$FF$02$04$10$28$A0$12$27$1A$11$01$09$06$00$00$F0$0E$10$FF$02$04$10$24$B8$12$27$1A$11$01$09$06$00$00$F0$0E$20$FF$76$27$7E
20/04/10 09:09:03.724 TX $7E$A0$07$03$41$F1$4E$24$7E
20/04/10 09:09:05.255 RX $7E$A8$75$41$03$7E$BA$A7$02$04$10$25$80$12$27$1A$11$01$09$06$00$00$F0$0E$21$FF$02$04$10$26$48$12$27$1A$11$01$09$06$00$00$F0$0E$22$FF$02$04$10$27$10$12$27$1A$11$01$09$06$00$00$F0$0E$23$FF$02$04$10$27$D8$12$27$1A$11$01$09$06$00$00$F0$0E$24$FF$02$04$10$21$98$12$27$1A$11$01$09$06$00$00$F0$0E$30$FF$02$04$10$22$60$12$27$1B$11$01$09$06$00$00$F0$0E$31$FF$6A$F0$7E
20/04/10 09:09:05.474 TX $7E$A0$07$03$41$11$40$C3$7E
20/04/10 09:09:07.005 RX $7E$A8$75$41$03$70$C4$4E$02$04$10$23$28$12$27$43$11$00$09$06$00$00$F0$0E$32$FF$02$04$10$23$F0$12$27$42$11$00$09$06$00$00$F0$0E$33$FF$02$04$10$1F$40$12$27$20$11$01$09$06$00$00$F0$0E$60$FF$02$04$10$BD$D8$12$00$03$11$00$09$06$00$00$60$04$00$FF$02$04$10$BE$A0$12$00$03$11$00$09$06$00$00$60$05$00$FF$02$04$10$69$78$12$27$27$11$02$09$06$00$00$F0$05$01$FF$6B$40$7E
20/04/10 09:09:07.224 TX $7E$A0$07$03$41$31$42$E2$7E
20/04/10 09:09:08.755 RX $7E$A8$75$41$03$72$D6$6D$02$04$10$6A$40$12$27$27$11$02$09$06$00$00$F0$05$02$FF$02$04$10$6B$08$12$27$27$11$02$09$06$00$00$F0$05$03$FF$02$04$10$6B$D0$12$27$27$11$02$09$06$00$00$F0$05$04$FF$02$04$10$6C$98$12$27$27$11$02$09$06$00$00$F0$05$05$FF$02$04$10$6D$60$12$27$27$11$02$09$06$00$00$F0$05$06$FF$02$04$10$6E$28$12$27$27$11$02$09$06$00$00$F0$05$07$FF$24$5B$7E
20/04/10 09:09:08.974 TX $7E$A0$07$03$41$51$44$81$7E
20/04/10 09:09:10.505 RX $7E$A8$75$41$03$74$E0$08$02$04$10$6E$F0$12$27$27$11$02$09$06$00$00$F0$05$08$FF$02$04$10$98$58$12$00$03$11$00$09$06$01$01$20$07$00$FF$02$04$10$99$20$12$00$03$11$00$09$06$01$01$34$07$00$FF$02$04$10$99$E8$12$00$03$11$00$09$06$01$01$48$07$00$FF$02$04$10$96$C8$12$00$03$11$00$09$06$01$01$0D$07$00$FF$02$04$10$95$38$12$00$03$11$00$09$06$01$01$21$07$00$FF$A6$A5$7E
20/04/10 09:09:10.724 TX $7E$A0$07$03$41$71$46$A0$7E
20/04/10 09:09:12.255 RX $7E$A8$75$41$03$76$F2$2B$02$04$10$89$80$12$00$03$11$00$09$06$01$01$35$07$00$FF$02$04$10$88$B8$12$00$03$11$00$09$06$01$01$49$07$00$FF$02$04$10$BB$D0$12$27$29$11$00$09$06$00$00$60$03$01$FF$02$04$10$BC$20$12$27$29$11$00$09$06$00$00$60$03$02$FF$02$04$10$BC$70$12$27$29$11$00$09$06$00$01$60$03$01$FF$02$04$10$BC$C0$12$27$29$11$00$09$06$00$01$60$03$02$FF$CF$8C$7E
20/04/10 09:09:12.474 TX $7E$A0$07$03$41$91$48$47$7E
20/04/10 09:09:14.005 RX $7E$A8$75$41$03$78$8C$C2$02$04$10$BD$10$12$27$29$11$00$09$06$00$03$01$02$05$FF$02$04$10$4E$20$12$27$25$11$01$09$06$00$00$F0$09$00$FF$02$04$10$5E$88$12$27$26$11$01$09$06$00$00$F0$08$00$FF$02$04$10$5D$C0$12$27$26$11$01$09$06$00$00$F0$08$01$FF$02$04$10$5C$F8$12$27$26$11$01$09$06$00$00$F0$08$02$FF$02$04$10$5C$30$12$27$26$11$01$09$06$00$00$F0$08$03$FF$58$F4$7E
20/04/10 09:09:14.224 TX $7E$A0$07$03$41$B1$4A$66$7E
20/04/10 09:09:15.755 RX $7E$A8$75$41$03$7A$9E$E1$02$04$10$5B$68$12$27$26$11$01$09$06$00$00$F0$08$04$FF$02$04$10$5A$A0$12$27$26$11$01$09$06$00$00$F0$08$05$FF$02$04$10$59$D8$12$27$26$11$01$09$06$00$00$F0$08$06$FF$02$04$10$59$10$12$27$26$11$01$09$06$00$00$F0$08$07$FF$02$04$10$58$48$12$27$26$11$01$09$06$00$00$F0$08$08$FF$02$04$10$57$80$12$27$26$11$01$09$06$00$00$F0$08$09$FF$9A$AE$7E
20/04/10 09:09:15.974 TX $7E$A0$07$03$41$D1$4C$05$7E
20/04/10 09:09:17.505 RX $7E$A0$75$41$03$7C$88$DE$02$04$10$56$B8$12$27$26$11$01$09$06$00$00$F0$08$0A$FF$02$04$10$55$F0$12$27$26$11$01$09$06$00$00$F0$08$0B$FF$02$04$10$55$28$12$27$26$11$01$09$06$00$00$F0$08$0C$FF$02$04$10$54$60$12$27$26$11$01$09$06$00$00$F0$08$0D$FF$02$04$10$53$98$12$27$26$11$01$09$06$00$00$F0$08$0E$FF$02$04$10$52$D0$12$27$26$11$01$09$06$00$00$F0$08$0F$FF$51$B2$7E
20/04/10 09:09:17.724 TX $7E$A0$07$03$41$F1$4E$24$7E
20/04/10 09:09:19.255 RX $7E$A0$07$41$03$71$5E$66$7E
20/04/10 09:09:19.380 TX $7E$A0$11$03$41$F6$CA$D8$E6$E6$00$05$01$02$FE$08$78$F9$7E
20/04/10 09:09:20.911 RX $7E$A0$14$41$03$9E$CB$9F$E6$E7$00$0C$01$00$06$00$00$00$D7$D8$21$7E
20/04/10 09:09:21.021 TX $7E$A0$07$03$41$11$40$C3$7E
20/04/10 09:09:22.552 RX $7E$A0$07$41$03$91$50$81$7E
20/04/10 09:09:22.661 TX $7E$A0$11$03$41$18$BA$D6$E6$E6$00$05$01$02$62$80$C5$41$7E
20/04/10 09:09:24.302 RX $7E$A8$59$41$03$B0$AF$90$E6$E7$00$0C$01$00$01$08$02$04$12$00$08$09$06$00$00$01$00$00$FF$0F$02$12$00$00$02$04$12$00$03$09$06$00$00$60$F0$0C$FF$0F$12$12$00$00$02$04$12$00$05$09$06$01$01$01$04$00$FF$0F$03$12$00$00$02$04$12$00$05$09$06$01$01$05$04$00$FF$0F$03$12$00$00$BF$EC$7E
20/04/10 09:09:24.521 TX $7E$A0$07$03$41$31$42$E2$7E
20/04/10 09:09:26.052 RX $7E$A0$51$41$03$B2$45$0C$02$04$12$00$05$09$06$01$01$08$04$00$FF$0F$03$12$00$00$02$04$12$00$05$09$06$01$01$02$04$00$FF$0F$03$12$00$00$02$04$12$00$05$09$06$01$01$07$04$00$FF$0F$03$12$00$00$02$04$12$00$05$09$06$01$01$06$04$00$FF$0F$03$12$00$00$97$84$7E
20/04/10 09:09:26.271 TX $7E$A0$07$03$41$51$44$81$7E
20/04/10 09:09:27.802 RX $7E$A0$07$41$03$B1$52$A0$7E
20/04/10 09:09:27.911 TX $7E$A0$11$03$41$5A$AC$B7$E6$E6$00$05$01$02$62$88$8D$CD$7E
20/04/10 09:09:29.552 RX $7E$A0$14$41$03$D4$95$72$E6$E7$00$0C$01$00$06$00$00$03$84$AE$6B$7E
20/04/10 09:09:29.661 TX $7E$A0$07$03$41$71$46$A0$7E
20/04/10 09:09:31.192 RX $7E$A0$07$41$03$D1$54$C3$7E
20/04/10 09:09:31.302 TX $7E$A0$11$03$41$7C$98$F3$E6$E6$00$05$01$02$2B$C8$F7$1E$7E
20/04/10 09:09:32.833 RX $7E$A0$1D$41$03$F6$E6$89$E6$E7$00$0C$01$00$09$0C$07$DA$04$14$02$09$09$1E$FF$80$00$80$1D$59$7E
20/04/10 09:09:32.942 TX $7E$A0$07$03$41$91$48$47$7E
20/04/10 09:09:34.474 RX $7E$A0$07$41$03$F1$56$E2$7E
20/04/10 09:09:34.583 TX $7E$A0$11$03$41$9E$84$37$E6$E6$00$05$01$02$2B$C8$F7$1E$7E
20/04/10 09:09:36.224 RX $7E$A0$1D$41$03$18$96$87$E6$E7$00$0C$01$00$09$0C$07$DA$04$14$02$09$09$21$FF$80$00$80$30$E7$7E
20/04/10 09:09:36.333 TX $7E$A0$07$03$41$B1$4A$66$7E
20/04/10 09:09:37.864 RX $7E$A0$07$41$03$11$58$05$7E
20/04/10 09:09:37.974 TX $7E$A0$11$03$41$B0$F8$FF$E6$E6$00$05$01$02$FF$08$A0$E0$7E
20/04/10 09:09:39.505 RX $7E$A0$14$41$03$3A$E5$7C$E6$E7$00$0C$01$00$0A$03$42$32$31$C1$C7$7E
20/04/10 09:09:39.614 TX $7E$A0$07$03$41$D1$4C$05$7E
20/04/10 09:09:41.146 RX $7E$A0$07$41$03$31$5A$24$7E
20/04/10 09:09:41.302 TX $7E$A0$44$03$41$D2$AD$04$E6$E6$00$05$01$04$62$78$01$02$04$02$04$12$00$08$09$06$00$00$01$00$00$FF$0F$02$12$00$00$09$0C$07$DA$04$14$FF$08$08$01$FF$80$00$80$09$0C$07$DA$04$14$FF$09$09$00$FF$80$00$80$01$00$35$BC$7E
20/04/10 09:09:43.380 RX $7E$A8$77$41$03$5C$DC$9C$E6$E7$00$0C$01$00$01$04$02$08$09$0C$07$DA$04$14$02$08$0F$00$FF$80$00$80$06$00$80$00$08$05$00$00$03$49$05$00$00$00$B0$05$00$00$00$00$05$00$00$00$00$05$00$00$00$00$05$00$00$00$00$02$08$09$0C$07$DA$04$14$02$08$1E$00$FF$80$00$80$06$00$80$00$08$05$00$00$04$31$05$00$00$01$6E$05$00$00$00$00$05$00$00$00$00$05$00$00$00$00$05$00$00$00$00$AA$41$7E
20/04/10 09:09:43.489 TX $7E$A0$07$03$41$F1$4E$24$7E
20/04/10 09:09:45.021 RX $7E$A0$6F$41$03$5E$97$C3$02$08$09$0C$07$DA$04$14$02$08$2D$00$FF$80$00$80$06$00$80$00$08$05$00$00$05$6C$05$00$00$02$20$05$00$00$00$00$05$00$00$00$00$05$00$00$00$00$05$00$00$00$00$02$08$09$0C$07$DA$04$14$02$09$00$00$FF$80$00$80$06$00$80$00$08$05$00$00$06$3A$05$00$00$02$A6$05$00$00$00$00$05$00$00$00$00$05$00$00$00$00$05$00$00$00$00$B3$D6$7E
20/04/10 09:09:45.255 TX $7E$A0$07$03$41$11$40$C3$7E
20/04/10 09:09:46.786 RX $7E$A0$07$41$03$51$5C$47$7E
20/04/10 09:09:46.896 TX $7E$A0$11$03$41$14$D6$1C$E6$E6$00$05$01$02$CC$00$22$F0$7E
20/04/10 09:09:48.427 RX $7E$A0$15$41$03$70$00$8D$E6$E7$00$0C$01$00$02$02$0F$FF$16$1B$92$A5$7E
20/04/10 09:09:48.536 TX $7E$A0$07$03$41$31$42$E2$7E
20/04/10 09:09:50.067 RX $7E$A0$07$41$03$71$5E$66$7E
20/04/10 09:09:50.177 TX $7E$A0$11$03$41$36$C6$1E$E6$E6$00$05$01$02$CC$C8$66$BA$7E
20/04/10 09:09:51.817 RX $7E$A0$15$41$03$92$1C$49$E6$E7$00$0C$01$00$02$02$0F$FF$16$1D$A4$C0$7E
20/04/10 09:09:51.927 TX $7E$A0$07$03$41$51$44$81$7E
20/04/10 09:09:53.458 RX $7E$A0$07$41$03$91$50$81$7E
20/04/10 09:09:53.567 TX $7E$A0$11$03$41$58$BE$94$E6$E6$00$05$01$02$CD$90$73$7D$7E
20/04/10 09:09:55.208 RX $7E$A0$15$41$03$B4$28$0D$E6$E7$00$0C$01$00$02$02$0F$FF$16$1D$A4$C0$7E
20/04/10 09:09:55.317 TX $7E$A0$07$03$41$71$46$A0$7E
20/04/10 09:09:56.849 RX $7E$A0$07$41$03$B1$52$A0$7E
20/04/10 09:09:56.958 TX $7E$A0$11$03$41$7A$AE$96$E6$E6$00$05$01$02$CE$58$5F$1D$7E
20/04/10 09:09:58.599 RX $7E$A0$15$41$03$D6$3C$4D$E6$E7$00$0C$01$00$02$02$0F$FF$16$1B$92$A5$7E
20/04/10 09:09:58.708 TX $7E$A0$07$03$41$91$48$47$7E
20/04/10 09:10:00.239 RX $7E$A0$07$41$03$D1$54$C3$7E
20/04/10 09:10:00.349 TX $7E$A0$11$03$41$9C$96$14$E6$E6$00$05$01$02$CF$20$48$FB$7E
20/04/10 09:10:01.880 RX $7E$A0$15$41$03$F8$40$85$E6$E7$00$0C$01$00$02$02$0F$FF$16$1D$A4$C0$7E
20/04/10 09:10:01.989 TX $7E$A0$07$03$41$B1$4A$66$7E
20/04/10 09:10:03.521 RX $7E$A0$07$41$03$F1$56$E2$7E
20/04/10 09:10:03.630 TX $7E$A0$11$03$41$BE$86$16$E6$E6$00$05$01$02$CF$E8$0C$B1$7E
20/04/10 09:10:05.271 RX $7E$A0$15$41$03$1A$5C$41$E6$E7$00$0C$01$00$02$02$0F$FF$16$1D$A4$C0$7E
20/04/10 09:10:05.380 TX $7E$A0$07$03$41$D1$4C$05$7E
20/04/10 09:10:06.911 RX $7E$A0$07$41$03$11$58$05$7E
20/04/10 09:10:07.067 TX $7E$A0$44$03$41$D0$BF$27$E6$E6$00$05$01$04$60$E8$01$02$04$02$04$12$00$08$09$06$00$00$01$00$00$FF$0F$02$12$00$00$09$0C$07$DA$04$14$FF$08$08$01$FF$80$00$80$09$0C$07$DA$04$14$FF$09$09$00$FF$80$00$80$01$00$6B$F8$7E
20/04/10 09:10:09.146 RX $7E$A8$74$41$03$3C$17$DA$E6$E7$00$0C$01$00$01$02$02$0B$09$0C$07$DA$04$14$02$09$05$37$FF$80$00$80$06$00$00$00$28$11$0B$09$0E$40$05$3F$00$00$00$00$00$00$10$00$00$00$00$09$04$00$00$00$00$14$00$00$00$00$01$20$9C$9D$14$00$00$00$00$00$18$7E$D1$14$00$00$00$00$00$72$FF$69$14$00$00$00$00$00$00$02$E9$14$00$00$00$00$00$00$03$29$14$00$00$00$00$00$00$02$7A$81$14$7E
20/04/10 09:10:09.380 TX $7E$A0$07$03$41$F1$4E$24$7E
20/04/10 09:10:10.911 RX $7E$A0$6C$41$03$3E$5C$85$02$0B$09$0C$07$DA$04$14$02$09$06$00$FF$80$00$80$06$00$88$80$08$11$0A$09$0E$40$03$3F$00$00$00$00$00$00$10$00$00$00$00$09$04$00$00$00$00$14$00$00$00$00$01$20$9C$9D$14$00$00$00$00$00$18$7E$D1$14$00$00$00$00$00$72$FF$69$14$00$00$00$00$00$00$02$E9$14$00$00$00$00$00$00$03$29$14$00$00$00$00$00$00$02$7A$A9$F5$7E
20/04/10 09:10:11.146 TX $7E$A0$07$03$41$11$40$C3$7E
20/04/10 09:10:12.677 RX $7E$A0$07$41$03$31$5A$24$7E
20/04/10 09:10:12.786 TX $7E$A0$11$03$41$12$E0$79$E6$E6$00$05$01$02$60$F0$F2$01$7E
20/04/10 09:10:14.427 RX $7E$A8$59$41$03$50$A1$77$E6$E7$00$0C$01$00$01$0B$02$04$12$00$08$09$06$00$00$01$00$00$FF$0F$02$12$00$00$02$04$12$00$03$09$06$00$00$60$F0$0C$FF$0F$13$12$00$00$02$04$12$00$03$09$06$00$00$60$F0$0C$FF$0F$02$12$00$00$02$04$12$00$03$09$06$00$00$60$F0$0C$FF$0F$0C$12$00$00$A4$56$7E
20/04/10 09:10:14.646 TX $7E$A0$07$03$41$31$42$E2$7E
20/04/10 09:10:16.177 RX $7E$A8$75$41$03$52$D4$4C$02$04$12$00$03$09$06$00$00$61$61$00$FF$0F$02$12$00$00$02$04$12$00$03$09$06$01$01$01$08$00$FF$0F$02$12$00$00$02$04$12$00$03$09$06$01$01$05$08$00$FF$0F$02$12$00$00$02$04$12$00$03$09$06$01$01$08$08$00$FF$0F$02$12$00$00$02$04$12$00$03$09$06$01$01$02$08$00$FF$0F$02$12$00$00$02$04$12$00$03$09$06$01$01$07$08$00$FF$0F$02$12$00$00$F6$57$7E
20/04/10 09:10:16.396 TX $7E$A0$07$03$41$51$44$81$7E
20/04/10 09:10:17.927 RX $7E$A0$1B$41$03$54$64$44$02$04$12$00$03$09$06$01$01$06$08$00$FF$0F$02$12$00$00$64$2C$7E
20/04/10 09:10:18.036 TX $7E$A0$07$03$41$71$46$A0$7E
20/04/10 09:10:19.567 RX $7E$A0$07$41$03$51$5C$47$7E
20/04/10 09:10:19.677 TX $7E$A0$21$03$41$74$22$33$E6$E6$00$06$01$02$2B$C8$01$01$09$0C$07$DA$04$14$02$09$0A$13$FF$80$00$80$90$77$7E
20/04/10 09:10:21.317 RX $7E$A0$10$41$03$76$61$86$E6$E7$00$0D$01$01$0C$97$57$7E
20/04/10 09:10:21.427 TX $7E$A0$07$03$41$91$48$47$7E
20/04/10 09:10:22.958 RX $7E$A0$07$41$03$71$5E$66$7E
20/04/10 09:10:23.067 TX $7E$A0$07$03$41$53$56$A2$7E
20/04/10 09:10:24.599 RX $7E$A0$1E$41$03$73$8E$7F$81$80$12$05$01$80$06$01$3E$07$04$00$00$00$01$08$04$00$00$00$01$07$22$7E
20/04/10 09:10:25.099 TX $2B$2B$2B
20/04/10 09:10:26.192 RX $0D$0A$4F$4B
20/04/10 09:10:26.692 TX $41$54$48$0D$0A
20/04/10 09:10:26.692 RX $0D$0A$0D$0A$4F$4B
Session took 179 sec for sending 1158 and receiving 5950 bytes.