|SourceProjectName:TPubTemp.pss
|DestinationProjectName:index.html
TPubTemp.hhc
TPubTemp.hhk
000016_EN_Connexo_MultiSense_10.0_Administrator\01_Cover_Page\01_Cover_Page.htm
000016_EN_Connexo_MultiSense_10.0_Administrator\000016_UMNL_Getting_started\Getting_started_with_Admin.htm
000016_EN_Connexo_MultiSense_10.0_Administrator\000016_UMNL_Getting_started\About_Admin.htm
000016_EN_Connexo_MultiSense_10.0_Administrator\000016_UMNL_Getting_started\Switching_apps.htm
000016_EN_Connexo_MultiSense_10.0_Administrator\000016_UMNL_Getting_started\Explore_Admin.htm
000016_EN_Connexo_MultiSense_10.0_Administrator\000016_UMNL_Getting_started\Introduction_to_Admin.htm
000016_EN_Connexo_MultiSense_10.0_Administrator\000016_UMNL_Manage_licenses\Manage_licenses.htm
000016_EN_Connexo_MultiSense_10.0_Administrator\000016_UMNL_Manage_licenses\Configure_licenses.htm
000016_EN_Connexo_MultiSense_10.0_Administrator\000016_UMNL_Manage_licenses\Configure_licenses1.htm
000016_EN_Connexo_MultiSense_10.0_Administrator\000016_UMNL_Manage_users\Manage_users.htm
000016_EN_Connexo_MultiSense_10.0_Administrator\000016_UMNL_Manage_users\Understand_user_management.htm
000016_EN_Connexo_MultiSense_10.0_Administrator\000016_UMNL_Manage_users\Users.htm
000016_EN_Connexo_MultiSense_10.0_Administrator\000016_UMNL_Manage_users\User_roles.htm
000016_EN_Connexo_MultiSense_10.0_Administrator\000016_UMNL_Deployment\System_configuration.htm
000016_EN_Connexo_MultiSense_10.0_Administrator\000016_UMNL_Deployment\Application_servers.htm
000016_EN_Connexo_MultiSense_10.0_Administrator\000016_UMNL_Deployment\Configure_application_servers.htm
000016_EN_Connexo_MultiSense_10.0_Administrator\000016_UMNL_Deliver_data\Deliver_data.htm
000016_EN_Connexo_MultiSense_10.0_Administrator\000016_UMNL_Deliver_data\Configure_data_export.htm
000016_EN_Connexo_MultiSense_10.0_Administrator\000016_UMNL_Deliver_data\Manage_relative_periods.htm
000016_EN_Connexo_MultiSense_10.0_Administrator\000016_UMNL_Deliver_data\Run_data_export_tasks.htm
000016_EN_Connexo_MultiSense_10.0_Administrator\000016_UMNL_Deliver_data\Export_on_request.htm
000016_EN_Connexo_MultiSense_10.0_Administrator\000016_UMNL_Deliver_data\Monitor_data_export.htm
000016_EN_Connexo_MultiSense_10.0_Administrator\000016_UMNL_Purge_data\Purge_data.htm
000016_EN_Connexo_MultiSense_10.0_Administrator\000016_UMNL_Purge_data\Configure_data_purge.htm
000016_EN_Connexo_MultiSense_10.0_Administrator\000016_UMNL_Purge_data\Monitor_data_purge.htm
000016_EN_Connexo_MultiSense_10.0_Administrator\000016_UMNL_Glossary\Glossary.htm
000016_EN_Connexo_MultiSense_10.0_Administrator\000016_UMNL_Copyright\Legal_notices.htm
TPubTemp.glo
template\Theme1_Standard\animated-overlay.gif
template\Theme1_Standard\BSBack.png
template\Theme1_Standard\BSBack_hover.png
template\Theme1_Standard\BSNext.png
template\Theme1_Standard\BSNext_hover.png
template\Theme1_Standard\close_sidebar.png
template\Theme1_Standard\glo.png
template\Theme1_Standard\Glossary.slp
template\Theme1_Standard\glo_buttonbar.png
template\Theme1_Standard\glo_buttonbar_hover.png
template\Theme1_Standard\glo_buttonbar_small.png
template\Theme1_Standard\glo_hover.png
template\Theme1_Standard\glo_hover_buttonbar_small.png
template\Theme1_Standard\home.png
template\Theme1_Standard\home_hover.png
template\Theme1_Standard\icon_back_small.png
template\Theme1_Standard\index.png
template\Theme1_Standard\Index.slp
template\Theme1_Standard\index_buttonbar.png
template\Theme1_Standard\index_buttonbar_hover.png
template\Theme1_Standard\index_buttonbar_small.png
template\Theme1_Standard\index_hover.png
template\Theme1_Standard\index_hover_buttonbar_small.png
template\Theme1_Standard\jquery.js
template\Theme1_Standard\jqueryui-custom.css
template\Theme1_Standard\jqueryui-custom.js
template\Theme1_Standard\layout.js
template\Theme1_Standard\layout.js.txt
template\Theme1_Standard\logo.png
template\Theme1_Standard\main.css
template\Theme1_Standard\MasterThemeSchema.xml
template\Theme1_Standard\open_sidebar.png
template\Theme1_Standard\overthrow.min.js
template\Theme1_Standard\overthrow.sidescroller.min.js
template\Theme1_Standard\preview\functionbar.png
template\Theme1_Standard\preview\global.png
template\Theme1_Standard\preview\glossary.png
template\Theme1_Standard\preview\glossary_mobile.png
template\Theme1_Standard\preview\header.png
template\Theme1_Standard\preview\index.png
template\Theme1_Standard\preview\index_mobile.png
template\Theme1_Standard\preview\mobile_navigation.png
template\Theme1_Standard\preview\search.png
template\Theme1_Standard\preview\sidebar.png
template\Theme1_Standard\preview\specialpage.png
template\Theme1_Standard\preview\tocnode.png
template\Theme1_Standard\preview\toctree.png
template\Theme1_Standard\Print.png
template\Theme1_Standard\Print_hover.png
template\Theme1_Standard\Search.png
template\Theme1_Standard\searchBack.png
template\Theme1_Standard\searchNext.png
template\Theme1_Standard\SearchResults.slp
template\Theme1_Standard\search_advanced_closed.png
template\Theme1_Standard\search_advanced_open.png
template\Theme1_Standard\search_buttonbar.png
template\Theme1_Standard\search_buttonbar_hover.png
template\Theme1_Standard\search_buttonbar_small.png
template\Theme1_Standard\search_hover.png
template\Theme1_Standard\search_hover_buttonbar_small.png
template\Theme1_Standard\select_button.png
template\Theme1_Standard\SLZConfig.xml
template\Theme1_Standard\switch.png
template\Theme1_Standard\Table_of_Contents.slp
template\Theme1_Standard\toc.png
template\Theme1_Standard\TOCNodeCloseBook.png
template\Theme1_Standard\TOCNodeCloseBookHover.png
template\Theme1_Standard\TOCNodeCloseBookSelected.png
template\Theme1_Standard\TOCNodeLink.png
template\Theme1_Standard\TOCNodeLinkHover.png
template\Theme1_Standard\TOCNodeLinkSelected.png
template\Theme1_Standard\TOCNodeOpenBook.png
template\Theme1_Standard\TOCNodeOpenBookHover.png
template\Theme1_Standard\TOCNodeOpenBookSelected.png
template\Theme1_Standard\TOCNodePage.png
template\Theme1_Standard\TOCNodePageHover.png
template\Theme1_Standard\TOCNodePageSelected.png
template\Theme1_Standard\TOCNodeUp.png
template\Theme1_Standard\TOCNodeUpSmall.png
template\Theme1_Standard\TOCTreeCloseBook.png
template\Theme1_Standard\TOCTreeCloseBookHover.png
template\Theme1_Standard\TOCTreeCloseBookSelected.png
template\Theme1_Standard\TOCTreeLink.png
template\Theme1_Standard\TOCTreeLinkHover.png
template\Theme1_Standard\TOCTreeLinkSelected.png
template\Theme1_Standard\TOCTreeOpenBook.png
template\Theme1_Standard\TOCTreeOpenBookHover.png
template\Theme1_Standard\TOCTreeOpenBookHoverSelected.png
template\Theme1_Standard\TOCTreeOpenBookSelected.png
template\Theme1_Standard\TOCTreePage.png
template\Theme1_Standard\TOCTreePageHover.png
template\Theme1_Standard\TOCTreePageSelected.png
template\Theme1_Standard\toc_buttonbar.png
template\Theme1_Standard\toc_buttonbar_hover.png
template\Theme1_Standard\toc_buttonbar_small.png
template\Theme1_Standard\toc_hover.png
template\Theme1_Standard\toc_hover_buttonbar_small.png
template\Theme1_Standard\topic.png
template\Theme1_Standard\Topic.slp
template\Theme1_Standard\topic_left.png
template\Theme1_Standard\topic_right.png
template\Theme1_Standard\to_top.png
template\Theme1_Standard\ui-bg_flat_0_aaaaaa_40x100.png
template\Theme1_Standard\ui-bg_flat_55_fbec88_40x100.png
template\Theme1_Standard\ui-bg_glass_75_d0e5f5_1x400.png
template\Theme1_Standard\ui-bg_glass_85_dfeffc_1x400.png
template\Theme1_Standard\ui-bg_glass_95_fef1ec_1x400.png
template\Theme1_Standard\ui-bg_gloss-wave_55_5c9ccc_500x100.png
template\Theme1_Standard\ui-bg_inset-hard_100_f5f8f9_1x100.png
template\Theme1_Standard\ui-bg_inset-hard_100_fcfdfd_1x100.png
template\Theme1_Standard\ui-icons_217bc0_256x240.png
template\Theme1_Standard\ui-icons_2e83ff_256x240.png
template\Theme1_Standard\ui-icons_469bdd_256x240.png
template\Theme1_Standard\ui-icons_6da8d5_256x240.png
template\Theme1_Standard\ui-icons_cd0a0a_256x240.png
template\Theme1_Standard\ui-icons_d8e7f3_256x240.png
template\Theme1_Standard\ui-icons_f9bd01_256x240.png
000016_EN_Connexo_MultiSense_10.0_Administrator\01_Cover_Page\01_Cover_Page.css
000016_EN_Connexo_MultiSense_10.0_Administrator\000016_UMNL_Getting_started\000016_UMNL_Getting_started.css
000016_EN_Connexo_MultiSense_10.0_Administrator\000016_UMNL_Manage_licenses\000016_UMNL_Manage_licenses.css
000016_EN_Connexo_MultiSense_10.0_Administrator\000016_UMNL_Manage_users\000016_UMNL_Manage_users.css
000016_EN_Connexo_MultiSense_10.0_Administrator\000016_UMNL_Deployment\000016_UMNL_Deployment.css
000016_EN_Connexo_MultiSense_10.0_Administrator\000016_UMNL_Deliver_data\000016_UMNL_Deliver_data.css
000016_EN_Connexo_MultiSense_10.0_Administrator\000016_UMNL_Purge_data\000016_UMNL_Purge_data.css
000016_EN_Connexo_MultiSense_10.0_Administrator\000016_UMNL_Glossary\000016_UMNL_Glossary.css
000016_EN_Connexo_MultiSense_10.0_Administrator\000016_UMNL_Copyright\000016_UMNL_Copyright.css
000016_EN_Connexo_MultiSense_10.0_Administrator\000016_UMNL_Getting_started\applicationCenterColor.png
000016_EN_Connexo_MultiSense_10.0_Administrator\000016_UMNL_Getting_started\SystemAdminGeneralLayout(2).png
000016_EN_Connexo_MultiSense_10.0_Administrator\000016_UMNL_Getting_started\SystemAdminOverviewLayout(2).png
000016_EN_Connexo_MultiSense_10.0_Administrator\000016_UMNL_Manage_licenses\Licenses.png
twistyimage4.png
twistyimage3.png
000016_EN_Connexo_MultiSense_10.0_Administrator\000016_UMNL_Manage_users\masterActions.png
000016_EN_Connexo_MultiSense_10.0_Administrator\000016_UMNL_Manage_users\masterActions00001.png
000016_EN_Connexo_MultiSense_10.0_Administrator\000016_UMNL_Manage_users\masterActions00002.png
000016_EN_Connexo_MultiSense_10.0_Administrator\000016_UMNL_Manage_users\masterActions00003.png
000016_EN_Connexo_MultiSense_10.0_Administrator\000016_UMNL_Deployment\masterActions.png
000016_EN_Connexo_MultiSense_10.0_Administrator\000016_UMNL_Deployment\masterActions00001.png
000016_EN_Connexo_MultiSense_10.0_Administrator\000016_UMNL_Deployment\masterActions00002.png
000016_EN_Connexo_MultiSense_10.0_Administrator\000016_UMNL_Deliver_data\masterActions.png
000016_EN_Connexo_MultiSense_10.0_Administrator\000016_UMNL_Deliver_data\delete.png
000016_EN_Connexo_MultiSense_10.0_Administrator\000016_UMNL_Deliver_data\info.png
000016_EN_Connexo_MultiSense_10.0_Administrator\000016_UMNL_Deliver_data\masterActions00001.png
000016_EN_Connexo_MultiSense_10.0_Administrator\000016_UMNL_Deliver_data\masterActions00002.png
000016_EN_Connexo_MultiSense_10.0_Administrator\000016_UMNL_Deliver_data\masterActions00003.png
000016_EN_Connexo_MultiSense_10.0_Administrator\000016_UMNL_Deliver_data\ActionButton.png
000016_EN_Connexo_MultiSense_10.0_Administrator\000016_UMNL_Deliver_data\masterActions00004.png
000016_EN_Connexo_MultiSense_10.0_Administrator\000016_UMNL_Deliver_data\masterActions00005.png
000016_EN_Connexo_MultiSense_10.0_Administrator\000016_UMNL_Deliver_data\delete00001.png
000016_EN_Connexo_MultiSense_10.0_Administrator\000016_UMNL_Deliver_data\masterActions00006.png
000016_EN_Connexo_MultiSense_10.0_Administrator\000016_UMNL_Deliver_data\ActionButton00001.png
ehlpdhtm.js
Responsive_HTML5_stylesheet.css
index.html
RoboHHRE.lng
whxdata\toc2.js
whxdata\toc1.js
whxdata\toc4.js
whxdata\toc3.js
whxdata\toc6.js
whxdata\toc7.js
whxdata\toc5.js
whxdata\toc9.js
whxdata\toc8.js
whxdata\toc11.js
whxdata\toc12.js
whxdata\toc13.js
whxdata\toc10.js
whxdata\toc15.js
whxdata\toc14.js
whxdata\toc.js
whxdata\idx.js
whxdata\gdata1.js
whxdata\glo.js
whxdata\package_0_xml.js
whxdata\package_1_xml.js
whxdata\package_2_xml.js
whxdata\package_3_xml.js
whxdata\package_4_xml.js
whxdata\packageindex_xml.js
whxdata\synonym.xml
whxdata\synonym_xml.js
whxdata\topictable_0_xml.js
whxdata\topictableindex_xml.js
whxdata\whfts.xml
whxdata\whfts_xml.js
whxdata\csh.js
whxdata\window.js
projectdata.js
