|SourceProjectName:TPubTemp.pss
|DestinationProjectName:index.html
TPubTemp.hhc
TPubTemp.hhk
000017_EN_Connexo_1.0_User_guide\01_Cover_Page\01_Cover_Page.htm
000017_EN_Connexo_1.0_User_guide\000017_UMNL_Getting_started\Getting_started_with_MultiSense.htm
000017_EN_Connexo_1.0_User_guide\000017_UMNL_Getting_started\About_MultiSense.htm
000017_EN_Connexo_1.0_User_guide\000017_UMNL_Getting_started\Basic_functions.htm
000017_EN_Connexo_1.0_User_guide\000017_UMNL_Getting_started\Explore_MultiSense.htm
000017_EN_Connexo_1.0_User_guide\000017_UMNL_Getting_started\Introduction_to_MultiSense.htm
000017_EN_Connexo_1.0_User_guide\000017_UMNL_Getting_started\Quick_guide_to_collect_data.htm
000017_EN_Connexo_1.0_User_guide\000017_UMNL_Getting_started\The_dashboard.htm
000017_EN_Connexo_1.0_User_guide\000017_UMNL_Getting_started\Issues.htm
000017_EN_Connexo_1.0_User_guide\000017_UMNL_Getting_started\Connection_and_communication.htm
000017_EN_Connexo_1.0_User_guide\000017_UMNL_Getting_started\Favourite_device_s_groups.htm
000017_EN_Connexo_1.0_User_guide\000017_UMNL_Getting_started\Object_landing_page.htm
000017_EN_Connexo_1.0_User_guide\000017_UMNL_Getting_started\Widgets.htm
000017_EN_Connexo_1.0_User_guide\000017_UMNL_Getting_started\Actions_on_the_object_landing_page.htm
000017_EN_Connexo_1.0_User_guide\000017_UMNL_CommunicationManagement\Communication_infrastructure.htm
000017_EN_Connexo_1.0_User_guide\000017_UMNL_CommunicationManagement\Configure_communication_infrastructure.htm
000017_EN_Connexo_1.0_User_guide\000017_UMNL_CommunicationManagement\Configure_communication_protocols.htm
000017_EN_Connexo_1.0_User_guide\000017_UMNL_CommunicationManagement\Configure_communication_servers.htm
000017_EN_Connexo_1.0_User_guide\000017_UMNL_CommunicationManagement\Configure_communication_ports.htm
000017_EN_Connexo_1.0_User_guide\000017_UMNL_CommunicationManagement\Configure_communication_port_pools.htm
000017_EN_Connexo_1.0_User_guide\000017_UMNL_CommunicationManagement\Monitor_communication_servers.htm
000017_EN_Connexo_1.0_User_guide\000017_UMNL_DeviceConfiguration\Device_configuration.htm
000017_EN_Connexo_1.0_User_guide\000017_UMNL_DeviceConfiguration\Configure_data_sources.htm
000017_EN_Connexo_1.0_User_guide\000017_UMNL_DeviceConfiguration\Configure_register_types.htm
000017_EN_Connexo_1.0_User_guide\000017_UMNL_DeviceConfiguration\Manage_register_groups.htm
000017_EN_Connexo_1.0_User_guide\000017_UMNL_DeviceConfiguration\Configure_load_profile_types.htm
000017_EN_Connexo_1.0_User_guide\000017_UMNL_DeviceConfiguration\Configure_logbook_types.htm
000017_EN_Connexo_1.0_User_guide\000017_UMNL_DeviceConfiguration\Configure_devices.htm
000017_EN_Connexo_1.0_User_guide\000017_UMNL_DeviceConfiguration\Configure_device_types.htm
000017_EN_Connexo_1.0_User_guide\000017_UMNL_DeviceConfiguration\Configure_device_configurations.htm
000017_EN_Connexo_1.0_User_guide\000017_UMNL_DeviceConfiguration\Configure_register_configurations.htm
000017_EN_Connexo_1.0_User_guide\000017_UMNL_DeviceConfiguration\Configure_load_profile_configurations.htm
000017_EN_Connexo_1.0_User_guide\000017_UMNL_DeviceConfiguration\Configure_data_sources_on_a_device.htm
000017_EN_Connexo_1.0_User_guide\000017_UMNL_DeviceConfiguration\Configure_logbook_configurations.htm
000017_EN_Connexo_1.0_User_guide\000017_UMNL_DeviceConfiguration\Manage_device_groups.htm
000017_EN_Connexo_1.0_User_guide\000017_UMNL_DeviceConfiguration\Device_attributes.htm
000017_EN_Connexo_1.0_User_guide\000017_UMNL_DeviceConfiguration\Reporting.htm
000017_EN_Connexo_1.0_User_guide\000017_UMNL_DeviceConfiguration\Custom_attributes.htm
000017_EN_Connexo_1.0_User_guide\000017_UMNL_DeviceConfiguration\Manage_custom_attributes_on_type_objects.htm
000017_EN_Connexo_1.0_User_guide\000017_UMNL_DeviceConfiguration\Manage_custom_attributes_on_objects.htm
000017_EN_Connexo_1.0_User_guide\000017_UMNL_DeviceConfiguration\Manage_custom_attribute_sets_over_time.htm
000017_EN_Connexo_1.0_User_guide\000017_UMNL_DeviceConfiguration\Change_device_configurations.htm
000017_EN_Connexo_1.0_User_guide\000017_UMNL_DeviceConfiguration\Manage_device_configuration_mappings.htm
000017_EN_Connexo_1.0_User_guide\000017_UMNL_DeviceConfiguration\Change_device_configurations1.htm
000017_EN_Connexo_1.0_User_guide\000017_UMNL_DataLogger\Data_logger.htm
000017_EN_Connexo_1.0_User_guide\000017_UMNL_DataLogger\Understand_data_loggers.htm
000017_EN_Connexo_1.0_User_guide\000017_UMNL_DataLogger\Data_logger_slaves.htm
000017_EN_Connexo_1.0_User_guide\000017_UMNL_DataLogger\Link_data_loggers_and_slaves.htm
000017_EN_Connexo_1.0_User_guide\000017_UMNL_DataLogger\Monitor_data_loggers.htm
000017_EN_Connexo_1.0_User_guide\000017_UMNL_DataLogger\Monitor_data_logger_history.htm
000017_EN_Connexo_1.0_User_guide\000017_UMNL_DeviceCommunication\Device_communication.htm
000017_EN_Connexo_1.0_User_guide\000017_UMNL_DeviceCommunication\Configure_device_communication.htm
000017_EN_Connexo_1.0_User_guide\000017_UMNL_DeviceCommunication\Configure_connection_methods_on_device_configurations.htm
000017_EN_Connexo_1.0_User_guide\000017_UMNL_DeviceCommunication\Configure_connection_methods_on_a_device.htm
000017_EN_Connexo_1.0_User_guide\000017_UMNL_DeviceCommunication\Configure_protocol_dialects.htm
000017_EN_Connexo_1.0_User_guide\000017_UMNL_DeviceCommunication\Communication_tasks.htm
000017_EN_Connexo_1.0_User_guide\000017_UMNL_DeviceCommunication\Configure_communication_tasks_Administration.htm
000017_EN_Connexo_1.0_User_guide\000017_UMNL_DeviceCommunication\Configure_communication_tasks_on_device_configurations.htm
000017_EN_Connexo_1.0_User_guide\000017_UMNL_DeviceCommunication\Configure_communication_tasks_on_devices.htm
000017_EN_Connexo_1.0_User_guide\000017_UMNL_DeviceCommunication\Secure_communication.htm
000017_EN_Connexo_1.0_User_guide\000017_UMNL_DeviceCommunication\Configure_security_setting_configurations.htm
000017_EN_Connexo_1.0_User_guide\000017_UMNL_DeviceCommunication\Configure_security_settings_on_a_device.htm
000017_EN_Connexo_1.0_User_guide\000017_UMNL_DeviceCommunication\Manage_communication.htm
000017_EN_Connexo_1.0_User_guide\000017_UMNL_DeviceCommunication\Connections.htm
000017_EN_Connexo_1.0_User_guide\000017_UMNL_DeviceCommunication\Communication.htm
000017_EN_Connexo_1.0_User_guide\000017_UMNL_DeviceCommunication\Monitor_communication.htm
000017_EN_Connexo_1.0_User_guide\000017_UMNL_DeviceCommunication\Monitor_connections.htm
000017_EN_Connexo_1.0_User_guide\000017_UMNL_DeviceCommunication\Filter_connections.htm
000017_EN_Connexo_1.0_User_guide\000017_UMNL_DeviceCommunication\Connection_history.htm
000017_EN_Connexo_1.0_User_guide\000017_UMNL_DeviceCommunication\Monitor_communication1.htm
000017_EN_Connexo_1.0_User_guide\000017_UMNL_DeviceCommunication\Filter_communications.htm
000017_EN_Connexo_1.0_User_guide\000017_UMNL_DeviceCommunication\Communication_history.htm
000017_EN_Connexo_1.0_User_guide\000017_UMNL_DeviceCommunication\Reporting1.htm
000017_EN_Connexo_1.0_User_guide\000017_UMNL_Collect_remote_data\Collect_remote_data.htm
000017_EN_Connexo_1.0_User_guide\000017_UMNL_Collect_remote_data\Schedule_communication.htm
000017_EN_Connexo_1.0_User_guide\000017_UMNL_Collect_remote_data\Configure_shared_communication_schedule_s.htm
000017_EN_Connexo_1.0_User_guide\000017_UMNL_Collect_remote_data\Configure_shared_communication_schedule_s_on_device_s.htm
000017_EN_Connexo_1.0_User_guide\000017_UMNL_Collect_remote_data\Configure_communication_on_a_device.htm
000017_EN_Connexo_1.0_User_guide\000017_UMNL_Collect_remote_data\Collect_data_on_request.htm
000017_EN_Connexo_1.0_User_guide\000017_UMNL_Collect_remote_data\Monitor_collected_data.htm
000017_EN_Connexo_1.0_User_guide\000017_UMNL_Collect_remote_data\Monitor_register_data.htm
000017_EN_Connexo_1.0_User_guide\000017_UMNL_Collect_remote_data\Monitor_load_profile_data.htm
000017_EN_Connexo_1.0_User_guide\000017_UMNL_Collect_remote_data\Monitor_channel_data.htm
000017_EN_Connexo_1.0_User_guide\000017_UMNL_Collect_remote_data\Monitor_logbook_data.htm
000017_EN_Connexo_1.0_User_guide\000017_UMNL_Collect_remote_data\Filter_collected_data.htm
000017_EN_Connexo_1.0_User_guide\000017_UMNL_Collect_remote_data\Export_collected_data.htm
000017_EN_Connexo_1.0_User_guide\000017_UMNL_DeviceCommands\Device_commands.htm
000017_EN_Connexo_1.0_User_guide\000017_UMNL_DeviceCommands\Understand_device_commands.htm
000017_EN_Connexo_1.0_User_guide\000017_UMNL_DeviceCommands\Configure_device_commands.htm
000017_EN_Connexo_1.0_User_guide\000017_UMNL_DeviceCommands\Configure_device_commands_on_the_device_configuration.htm
000017_EN_Connexo_1.0_User_guide\000017_UMNL_DeviceCommands\Configure_device_commands_on_a_device.htm
000017_EN_Connexo_1.0_User_guide\000017_UMNL_DeviceCommands\Monitor_device_commands.htm
000017_EN_Connexo_1.0_User_guide\000017_UMNL_DeviceCommands\File_management_using_device_commands.htm
000017_EN_Connexo_1.0_User_guide\000017_UMNL_DeviceCommands\Configure_file_management_options.htm
000017_EN_Connexo_1.0_User_guide\000017_UMNL_Firmware\Firmware_management.htm
000017_EN_Connexo_1.0_User_guide\000017_UMNL_Firmware\Understand_firmware.htm
000017_EN_Connexo_1.0_User_guide\000017_UMNL_Firmware\Configure_firmware_management.htm
000017_EN_Connexo_1.0_User_guide\000017_UMNL_Firmware\Manage_firmware_options.htm
000017_EN_Connexo_1.0_User_guide\000017_UMNL_Firmware\Manage_firmware_on_devices.htm
000017_EN_Connexo_1.0_User_guide\000017_UMNL_Firmware\Manage_firmware_on_a_single_device.htm
000017_EN_Connexo_1.0_User_guide\000017_UMNL_Firmware\Firmware_campaigns.htm
000017_EN_Connexo_1.0_User_guide\000017_UMNL_TimeOfUse\Time_of_use_calendars.htm
000017_EN_Connexo_1.0_User_guide\000017_UMNL_TimeOfUse\Understand_time_of_use_calendars.htm
000017_EN_Connexo_1.0_User_guide\000017_UMNL_TimeOfUse\Manage_time_of_use_calendars.htm
000017_EN_Connexo_1.0_User_guide\000017_UMNL_TimeOfUse\Configure_time_of_use_on_devices.htm
000017_EN_Connexo_1.0_User_guide\000017_UMNL_TimeOfUse\Monitor_time_of_use.htm
000017_EN_Connexo_1.0_User_guide\000017_UMNL_TimeOfUse\Monitor_time_of_use_on_devices.htm
000017_EN_Connexo_1.0_User_guide\000017_UMNL_DeviceLifecycle\Device_life_cycle_management.htm
000017_EN_Connexo_1.0_User_guide\000017_UMNL_DeviceLifecycle\Understand_the_device_life_cycle_management.htm
000017_EN_Connexo_1.0_User_guide\000017_UMNL_DeviceLifecycle\Default_device_life_cycle_management.htm
000017_EN_Connexo_1.0_User_guide\000017_UMNL_DeviceLifecycle\Default_device_life_cycle_states.htm
000017_EN_Connexo_1.0_User_guide\000017_UMNL_DeviceLifecycle\Configure_device_life_cycle.htm
000017_EN_Connexo_1.0_User_guide\000017_UMNL_DeviceLifecycle\Manage_device_life_cycle_states.htm
000017_EN_Connexo_1.0_User_guide\000017_UMNL_DeviceLifecycle\Manage_device_life_cycle_transitions.htm
000017_EN_Connexo_1.0_User_guide\000017_UMNL_DeviceLifecycle\Monitor_device_life_cycles.htm
000017_EN_Connexo_1.0_User_guide\000017_UMNL_DeviceLifecycle\Monitor_device_life_cycles_on_a_device.htm
000017_EN_Connexo_1.0_User_guide\000017_UMNL_DeviceLifecycle\Transition_devices.htm
000017_EN_Connexo_1.0_User_guide\000017_UMNL_DeviceLifecycle\Manage_transitions_in_bulk.htm
000017_EN_Connexo_1.0_User_guide\000017_UMNL_DeviceLifecycle\Monitor_meter_activations.htm
000017_EN_Connexo_1.0_User_guide\000017_UMNL_DataManagement\Data_management.htm
000017_EN_Connexo_1.0_User_guide\000017_UMNL_DataManagement\Usage_points.htm
000017_EN_Connexo_1.0_User_guide\000017_UMNL_DataManagement\Monitor_usage_points.htm
000017_EN_Connexo_1.0_User_guide\000017_UMNL_DataManagement\Create_and_edit_usage_points.htm
000017_EN_Connexo_1.0_User_guide\000017_UMNL_DataManagement\Link_devices_to_usage_points.htm
000017_EN_Connexo_1.0_User_guide\000017_UMNL_DataManagement\Metrology_configurations.htm
000017_EN_Connexo_1.0_User_guide\000017_UMNL_DataManagement\Manage_metrology_configuration_versions_on_a_usage_point.htm
000017_EN_Connexo_1.0_User_guide\000017_UMNL_Validate_data\Data_validation.htm
000017_EN_Connexo_1.0_User_guide\000017_UMNL_Validate_data\Understand_validation.htm
000017_EN_Connexo_1.0_User_guide\000017_UMNL_Validate_data\Configure_validation.htm
000017_EN_Connexo_1.0_User_guide\000017_UMNL_Validate_data\Configure_validation_rules.htm
000017_EN_Connexo_1.0_User_guide\000017_UMNL_Validate_data\Manage_validation_over_time.htm
000017_EN_Connexo_1.0_User_guide\000017_UMNL_Validate_data\Manage_validation_on_a_device.htm
000017_EN_Connexo_1.0_User_guide\000017_UMNL_Validate_data\Schedule_validation.htm
000017_EN_Connexo_1.0_User_guide\000017_UMNL_Validate_data\Configure_validation_tasks.htm
000017_EN_Connexo_1.0_User_guide\000017_UMNL_Validate_data\Monitor_validation_tasks.htm
000017_EN_Connexo_1.0_User_guide\000017_UMNL_Validate_data\Validate_data_on_request.htm
000017_EN_Connexo_1.0_User_guide\000017_UMNL_Validate_data\Validate_load_profile_data_on_request.htm
000017_EN_Connexo_1.0_User_guide\000017_UMNL_Validate_data\Validate_channel_data_on_request.htm
000017_EN_Connexo_1.0_User_guide\000017_UMNL_Validate_data\Validate_on_request_using_validation_tasks.htm
000017_EN_Connexo_1.0_User_guide\000017_UMNL_Validate_data\Monitor_data_validation.htm
000017_EN_Connexo_1.0_User_guide\000017_UMNL_Validate_data\Monitor_validation_results_on_a_device.htm
000017_EN_Connexo_1.0_User_guide\000017_UMNL_Validate_data\Monitor_register_validation.htm
000017_EN_Connexo_1.0_User_guide\000017_UMNL_Validate_data\Monitor_load_profile_validation.htm
000017_EN_Connexo_1.0_User_guide\000017_UMNL_Validate_data\Monitor_channel_validation.htm
000017_EN_Connexo_1.0_User_guide\000017_UMNL_Validate_data\View_suspect_data.htm
000017_EN_Connexo_1.0_User_guide\000017_UMNL_Validate_data\Validation_overview.htm
000017_EN_Connexo_1.0_User_guide\000017_UMNL_Estimate_data\Data_estimation.htm
000017_EN_Connexo_1.0_User_guide\000017_UMNL_Estimate_data\Understand_data_estimation.htm
000017_EN_Connexo_1.0_User_guide\000017_UMNL_Estimate_data\Configure_data_estimation.htm
000017_EN_Connexo_1.0_User_guide\000017_UMNL_Estimate_data\Default_estimators.htm
000017_EN_Connexo_1.0_User_guide\000017_UMNL_Estimate_data\Configure_estimation_rules.htm
000017_EN_Connexo_1.0_User_guide\000017_UMNL_Estimate_data\Manage_data_estimation_on_a_device.htm
000017_EN_Connexo_1.0_User_guide\000017_UMNL_Estimate_data\Estimate_data.htm
000017_EN_Connexo_1.0_User_guide\000017_UMNL_Estimate_data\Estimate_on_request.htm
000017_EN_Connexo_1.0_User_guide\000017_UMNL_Estimate_data\Monitor_data_estimation.htm
000017_EN_Connexo_1.0_User_guide\000017_UMNL_Get_data_valid\Data_editing.htm
000017_EN_Connexo_1.0_User_guide\000017_UMNL_Get_data_valid\Introduction.htm
000017_EN_Connexo_1.0_User_guide\000017_UMNL_Get_data_valid\Edit_data.htm
000017_EN_Connexo_1.0_User_guide\000017_UMNL_Get_data_valid\Edit_channel_data.htm
000017_EN_Connexo_1.0_User_guide\000017_UMNL_Get_data_valid\Edit_data_using_estimation.htm
000017_EN_Connexo_1.0_User_guide\000017_UMNL_Get_data_valid\Add_data.htm
000017_EN_Connexo_1.0_User_guide\000017_UMNL_Get_data_valid\Add_data_in_bulk.htm
000017_EN_Connexo_1.0_User_guide\000017_UMNL_Get_data_valid\Remove_data.htm
000017_EN_Connexo_1.0_User_guide\000017_UMNL_Get_data_valid\Remove_values_in_bulk.htm
000017_EN_Connexo_1.0_User_guide\000017_UMNL_Manage_issues\Issue_management.htm
000017_EN_Connexo_1.0_User_guide\000017_UMNL_Manage_issues\Understand_issues.htm
000017_EN_Connexo_1.0_User_guide\000017_UMNL_Manage_issues\Configure_issues.htm
000017_EN_Connexo_1.0_User_guide\000017_UMNL_Manage_issues\Fix_issues.htm
000017_EN_Connexo_1.0_User_guide\000017_UMNL_Manage_issues\Manage_data_collection_issues.htm
000017_EN_Connexo_1.0_User_guide\000017_UMNL_Manage_issues\Manage_data_validation_issues.htm
000017_EN_Connexo_1.0_User_guide\000017_UMNL_Topology\Topology.htm
000017_EN_Connexo_1.0_User_guide\000017_UMNL_Topology\Communication_topology.htm
000017_EN_Connexo_1.0_User_guide\000017_UMNL_Topology\Monitor_communication_topology.htm
000017_EN_Connexo_1.0_User_guide\000017_UMNL_Topology\Configure_communication_topology.htm
000017_EN_Connexo_1.0_User_guide\000017_UMNL_ImportData\Data_import.htm
000017_EN_Connexo_1.0_User_guide\000017_UMNL_ImportData\Data_import1.htm
000017_EN_Connexo_1.0_User_guide\000017_UMNL_ImportData\Monitor_data_import.htm
000017_EN_Connexo_1.0_User_guide\000017_UMNL_ExportData\Data_export.htm
000017_EN_Connexo_1.0_User_guide\000017_UMNL_ExportData\Understand_data_export.htm
000017_EN_Connexo_1.0_User_guide\000017_UMNL_ExportData\Configure_data_export.htm
000017_EN_Connexo_1.0_User_guide\000017_UMNL_ExportData\Run_data_export_tasks.htm
000017_EN_Connexo_1.0_User_guide\000017_UMNL_ExportData\Export_on_request.htm
000017_EN_Connexo_1.0_User_guide\000017_UMNL_ExportData\Monitor_data_export.htm
000017_EN_Connexo_1.0_User_guide\000017_UMNL_Processes\Process_management.htm
000017_EN_Connexo_1.0_User_guide\000017_UMNL_Processes\Processes_on_devices.htm
000017_EN_Connexo_1.0_User_guide\000017_UMNL_Processes\Start_processes_on_devices.htm
000017_EN_Connexo_1.0_User_guide\000017_UMNL_Processes\Processes_on_data_collection_issues.htm
000017_EN_Connexo_1.0_User_guide\000017_UMNL_Processes\Start_processes_on_data_collection_issues.htm
000017_EN_Connexo_1.0_User_guide\000017_UMNL_Processes\Task_management.htm
000017_EN_Connexo_1.0_User_guide\000017_UMNL_Processes\Monitor_tasks.htm
000017_EN_Connexo_1.0_User_guide\000017_UMNL_Processes\Perform_tasks.htm
000017_EN_Connexo_1.0_User_guide\000017_UMNL_Processes\Edit_tasks.htm
000017_EN_Connexo_1.0_User_guide\000017_UMNL_Service_calls\Service_calls.htm
000017_EN_Connexo_1.0_User_guide\000017_UMNL_Service_calls\Service_calls_service_call_types_and_life_cycle.htm
000017_EN_Connexo_1.0_User_guide\000017_UMNL_Service_calls\Monitoring_service_calls.htm
000017_EN_Connexo_1.0_User_guide\000017_UMNL_Service_calls\View_service_calls.htm
000017_EN_Connexo_1.0_User_guide\000017_UMNL_Service_calls\Manage_service_calls.htm
000017_EN_Connexo_1.0_User_guide\000017_UMNL_Find_data\Search.htm
000017_EN_Connexo_1.0_User_guide\000017_UMNL_Find_data\Search_Connexo.htm
000017_EN_Connexo_1.0_User_guide\000017_UMNL_Find_data\Advanced_search.htm
000017_EN_Connexo_1.0_User_guide\000017_UMNL_Find_data\Bulk_actions_on_search_results.htm
000017_EN_Connexo_1.0_User_guide\000017_UMNL_Find_data\Perform_bulk_actions_on_search_results_for_devices.htm
000017_EN_Connexo_1.0_User_guide\000017_UMNL_Appendices\Appendices.htm
000017_EN_Connexo_1.0_User_guide\000017_UMNL_Appendices\Interval_flags_mapped_to_CIM_reading_qualities.htm
000017_EN_Connexo_1.0_User_guide\000017_UMNL_Glossary\Glossary.htm
000017_EN_Connexo_1.0_User_guide\000017_UMNL_Copyright\Legal_notices.htm
TPubTemp.glo
template\Theme1_Standard\animated-overlay.gif
template\Theme1_Standard\BSBack.png
template\Theme1_Standard\BSBack_hover.png
template\Theme1_Standard\BSNext.png
template\Theme1_Standard\BSNext_hover.png
template\Theme1_Standard\close_sidebar.png
template\Theme1_Standard\glo.png
template\Theme1_Standard\Glossary.slp
template\Theme1_Standard\glo_buttonbar.png
template\Theme1_Standard\glo_buttonbar_hover.png
template\Theme1_Standard\glo_buttonbar_small.png
template\Theme1_Standard\glo_hover.png
template\Theme1_Standard\glo_hover_buttonbar_small.png
template\Theme1_Standard\home.png
template\Theme1_Standard\home_hover.png
template\Theme1_Standard\icon_back_small.png
template\Theme1_Standard\index.png
template\Theme1_Standard\Index.slp
template\Theme1_Standard\index_buttonbar.png
template\Theme1_Standard\index_buttonbar_hover.png
template\Theme1_Standard\index_buttonbar_small.png
template\Theme1_Standard\index_hover.png
template\Theme1_Standard\index_hover_buttonbar_small.png
template\Theme1_Standard\jquery.js
template\Theme1_Standard\jqueryui-custom.css
template\Theme1_Standard\jqueryui-custom.js
template\Theme1_Standard\layout.js
template\Theme1_Standard\layout.js.txt
template\Theme1_Standard\logo.png
template\Theme1_Standard\main.css
template\Theme1_Standard\MasterThemeSchema.xml
template\Theme1_Standard\open_sidebar.png
template\Theme1_Standard\overthrow.min.js
template\Theme1_Standard\overthrow.sidescroller.min.js
template\Theme1_Standard\preview\functionbar.png
template\Theme1_Standard\preview\global.png
template\Theme1_Standard\preview\glossary.png
template\Theme1_Standard\preview\glossary_mobile.png
template\Theme1_Standard\preview\header.png
template\Theme1_Standard\preview\index.png
template\Theme1_Standard\preview\index_mobile.png
template\Theme1_Standard\preview\mobile_navigation.png
template\Theme1_Standard\preview\search.png
template\Theme1_Standard\preview\sidebar.png
template\Theme1_Standard\preview\specialpage.png
template\Theme1_Standard\preview\tocnode.png
template\Theme1_Standard\preview\toctree.png
template\Theme1_Standard\Print.png
template\Theme1_Standard\Print_hover.png
template\Theme1_Standard\Search.png
template\Theme1_Standard\searchBack.png
template\Theme1_Standard\searchNext.png
template\Theme1_Standard\SearchResults.slp
template\Theme1_Standard\search_advanced_closed.png
template\Theme1_Standard\search_advanced_open.png
template\Theme1_Standard\search_buttonbar.png
template\Theme1_Standard\search_buttonbar_hover.png
template\Theme1_Standard\search_buttonbar_small.png
template\Theme1_Standard\search_hover.png
template\Theme1_Standard\search_hover_buttonbar_small.png
template\Theme1_Standard\select_button.png
template\Theme1_Standard\SLZConfig.xml
template\Theme1_Standard\switch.png
template\Theme1_Standard\Table_of_Contents.slp
template\Theme1_Standard\toc.png
template\Theme1_Standard\TOCNodeCloseBook.png
template\Theme1_Standard\TOCNodeCloseBookHover.png
template\Theme1_Standard\TOCNodeCloseBookSelected.png
template\Theme1_Standard\TOCNodeLink.png
template\Theme1_Standard\TOCNodeLinkHover.png
template\Theme1_Standard\TOCNodeLinkSelected.png
template\Theme1_Standard\TOCNodeOpenBook.png
template\Theme1_Standard\TOCNodeOpenBookHover.png
template\Theme1_Standard\TOCNodeOpenBookSelected.png
template\Theme1_Standard\TOCNodePage.png
template\Theme1_Standard\TOCNodePageHover.png
template\Theme1_Standard\TOCNodePageSelected.png
template\Theme1_Standard\TOCNodeUp.png
template\Theme1_Standard\TOCNodeUpSmall.png
template\Theme1_Standard\TOCTreeCloseBook.png
template\Theme1_Standard\TOCTreeCloseBookHover.png
template\Theme1_Standard\TOCTreeCloseBookSelected.png
template\Theme1_Standard\TOCTreeLink.png
template\Theme1_Standard\TOCTreeLinkHover.png
template\Theme1_Standard\TOCTreeLinkSelected.png
template\Theme1_Standard\TOCTreeOpenBook.png
template\Theme1_Standard\TOCTreeOpenBookHover.png
template\Theme1_Standard\TOCTreeOpenBookHoverSelected.png
template\Theme1_Standard\TOCTreeOpenBookSelected.png
template\Theme1_Standard\TOCTreePage.png
template\Theme1_Standard\TOCTreePageHover.png
template\Theme1_Standard\TOCTreePageSelected.png
template\Theme1_Standard\toc_buttonbar.png
template\Theme1_Standard\toc_buttonbar_hover.png
template\Theme1_Standard\toc_buttonbar_small.png
template\Theme1_Standard\toc_hover.png
template\Theme1_Standard\toc_hover_buttonbar_small.png
template\Theme1_Standard\topic.png
template\Theme1_Standard\Topic.slp
template\Theme1_Standard\topic_left.png
template\Theme1_Standard\topic_right.png
template\Theme1_Standard\to_top.png
template\Theme1_Standard\ui-bg_flat_0_aaaaaa_40x100.png
template\Theme1_Standard\ui-bg_flat_55_fbec88_40x100.png
template\Theme1_Standard\ui-bg_glass_75_d0e5f5_1x400.png
template\Theme1_Standard\ui-bg_glass_85_dfeffc_1x400.png
template\Theme1_Standard\ui-bg_glass_95_fef1ec_1x400.png
template\Theme1_Standard\ui-bg_gloss-wave_55_5c9ccc_500x100.png
template\Theme1_Standard\ui-bg_inset-hard_100_f5f8f9_1x100.png
template\Theme1_Standard\ui-bg_inset-hard_100_fcfdfd_1x100.png
template\Theme1_Standard\ui-icons_217bc0_256x240.png
template\Theme1_Standard\ui-icons_2e83ff_256x240.png
template\Theme1_Standard\ui-icons_469bdd_256x240.png
template\Theme1_Standard\ui-icons_6da8d5_256x240.png
template\Theme1_Standard\ui-icons_cd0a0a_256x240.png
template\Theme1_Standard\ui-icons_d8e7f3_256x240.png
template\Theme1_Standard\ui-icons_f9bd01_256x240.png
000017_EN_Connexo_1.0_User_guide\01_Cover_Page\01_Cover_Page.css
000017_EN_Connexo_1.0_User_guide\000017_UMNL_Getting_started\000017_UMNL_Getting_started.css
000017_EN_Connexo_1.0_User_guide\000017_UMNL_CommunicationManagement\000017_UMNL_CommunicationManagement.css
000017_EN_Connexo_1.0_User_guide\000017_UMNL_DeviceConfiguration\000017_UMNL_DeviceConfiguration.css
000017_EN_Connexo_1.0_User_guide\000017_UMNL_DataLogger\000017_UMNL_DataLogger.css
000017_EN_Connexo_1.0_User_guide\000017_UMNL_DeviceCommunication\000017_UMNL_DeviceCommunication.css
000017_EN_Connexo_1.0_User_guide\000017_UMNL_Collect_remote_data\000017_UMNL_Collect_remote_data.css
000017_EN_Connexo_1.0_User_guide\000017_UMNL_DeviceCommands\000017_UMNL_DeviceCommands.css
000017_EN_Connexo_1.0_User_guide\000017_UMNL_Firmware\000017_UMNL_Firmware.css
000017_EN_Connexo_1.0_User_guide\000017_UMNL_TimeOfUse\000017_UMNL_TimeOfUse.css
000017_EN_Connexo_1.0_User_guide\000017_UMNL_DeviceLifecycle\000017_UMNL_DeviceLifecycle.css
000017_EN_Connexo_1.0_User_guide\000017_UMNL_DataManagement\000017_UMNL_DataManagement.css
000017_EN_Connexo_1.0_User_guide\000017_UMNL_Validate_data\000017_UMNL_Validate_data.css
000017_EN_Connexo_1.0_User_guide\000017_UMNL_Estimate_data\000017_UMNL_Estimate_data.css
000017_EN_Connexo_1.0_User_guide\000017_UMNL_Get_data_valid\000017_UMNL_Get_data_valid.css
000017_EN_Connexo_1.0_User_guide\000017_UMNL_Manage_issues\000017_UMNL_Manage_issues.css
000017_EN_Connexo_1.0_User_guide\000017_UMNL_Topology\000017_UMNL_Topology.css
000017_EN_Connexo_1.0_User_guide\000017_UMNL_ImportData\000017_UMNL_ImportData.css
000017_EN_Connexo_1.0_User_guide\000017_UMNL_ExportData\000017_UMNL_ExportData.css
000017_EN_Connexo_1.0_User_guide\000017_UMNL_Processes\000017_UMNL_Processes.css
000017_EN_Connexo_1.0_User_guide\000017_UMNL_Service_calls\000017_UMNL_Service_calls.css
000017_EN_Connexo_1.0_User_guide\000017_UMNL_Find_data\000017_UMNL_Find_data.css
000017_EN_Connexo_1.0_User_guide\000017_UMNL_Appendices\000017_UMNL_Appendices.css
000017_EN_Connexo_1.0_User_guide\000017_UMNL_Glossary\000017_UMNL_Glossary.css
000017_EN_Connexo_1.0_User_guide\000017_UMNL_Copyright\000017_UMNL_Copyright.css
000017_EN_Connexo_1.0_User_guide\000017_UMNL_Getting_started\applicationCenterColor.png
000017_EN_Connexo_1.0_User_guide\000017_UMNL_Getting_started\MultiSense_10.1_General_layout.png
000017_EN_Connexo_1.0_User_guide\000017_UMNL_Getting_started\MultiSenseOverviewLayout(10.1).png
000017_EN_Connexo_1.0_User_guide\000017_UMNL_Getting_started\Dashboard.png
000017_EN_Connexo_1.0_User_guide\000017_UMNL_Getting_started\WorkspaceIcon.png
000017_EN_Connexo_1.0_User_guide\000017_UMNL_Getting_started\DevicesIcon.png
000017_EN_Connexo_1.0_User_guide\000017_UMNL_Getting_started\Usage_points_icon.png
000017_EN_Connexo_1.0_User_guide\000017_UMNL_Getting_started\AdministrationIcon.png
000017_EN_Connexo_1.0_User_guide\000017_UMNL_Getting_started\Workflow_10.1.png
000017_EN_Connexo_1.0_User_guide\000017_UMNL_Getting_started\Blue_arrow.png
000017_EN_Connexo_1.0_User_guide\000017_UMNL_Getting_started\Blue_arrow00001.png
000017_EN_Connexo_1.0_User_guide\000017_UMNL_Getting_started\Blue_arrow00002.png
000017_EN_Connexo_1.0_User_guide\000017_UMNL_Getting_started\Blue_arrow00003.png
000017_EN_Connexo_1.0_User_guide\000017_UMNL_Getting_started\Blue_arrow00004.png
000017_EN_Connexo_1.0_User_guide\000017_UMNL_Getting_started\Blue_arrow00005.png
000017_EN_Connexo_1.0_User_guide\000017_UMNL_Getting_started\info.png
000017_EN_Connexo_1.0_User_guide\000017_UMNL_Getting_started\DeviceGroup_filter.png
000017_EN_Connexo_1.0_User_guide\000017_UMNL_Getting_started\starredV2.png
000017_EN_Connexo_1.0_User_guide\000017_UMNL_Getting_started\ObjectLandingPage.png
000017_EN_Connexo_1.0_User_guide\000017_UMNL_Getting_started\WhatsGoingOn(1).png
000017_EN_Connexo_1.0_User_guide\000017_UMNL_Getting_started\WhatsGoingOn(2).png
000017_EN_Connexo_1.0_User_guide\000017_UMNL_Getting_started\inset_0.png
000017_EN_Connexo_1.0_User_guide\000017_UMNL_Getting_started\inset_1.png
000017_EN_Connexo_1.0_User_guide\000017_UMNL_Getting_started\WhatsGoingOn.png
000017_EN_Connexo_1.0_User_guide\000017_UMNL_Getting_started\masterActions.png
000017_EN_Connexo_1.0_User_guide\000017_UMNL_Getting_started\masterActions00001.png
000017_EN_Connexo_1.0_User_guide\000017_UMNL_Getting_started\notstarredV2.png
000017_EN_Connexo_1.0_User_guide\000017_UMNL_Getting_started\starredV200001.png
000017_EN_Connexo_1.0_User_guide\000017_UMNL_CommunicationManagement\Communication.png
000017_EN_Connexo_1.0_User_guide\000017_UMNL_CommunicationManagement\masterActions.png
000017_EN_Connexo_1.0_User_guide\000017_UMNL_CommunicationManagement\masterActions00001.png
000017_EN_Connexo_1.0_User_guide\000017_UMNL_CommunicationManagement\masterActions00002.png
000017_EN_Connexo_1.0_User_guide\000017_UMNL_CommunicationManagement\masterActions00003.png
000017_EN_Connexo_1.0_User_guide\000017_UMNL_CommunicationManagement\masterActions00004.png
000017_EN_Connexo_1.0_User_guide\000017_UMNL_CommunicationManagement\masterActions00005.png
000017_EN_Connexo_1.0_User_guide\000017_UMNL_CommunicationManagement\masterActions00006.png
000017_EN_Connexo_1.0_User_guide\000017_UMNL_CommunicationManagement\masterActions00007.png
000017_EN_Connexo_1.0_User_guide\000017_UMNL_CommunicationManagement\masterActions00008.png
000017_EN_Connexo_1.0_User_guide\000017_UMNL_CommunicationManagement\masterActions00009.png
000017_EN_Connexo_1.0_User_guide\000017_UMNL_CommunicationManagement\masterActions00010.png
000017_EN_Connexo_1.0_User_guide\000017_UMNL_CommunicationManagement\masterActions00011.png
000017_EN_Connexo_1.0_User_guide\000017_UMNL_CommunicationManagement\masterActions00012.png
000017_EN_Connexo_1.0_User_guide\000017_UMNL_CommunicationManagement\masterActions00013.png
000017_EN_Connexo_1.0_User_guide\000017_UMNL_DeviceConfiguration\info.png
000017_EN_Connexo_1.0_User_guide\000017_UMNL_DeviceConfiguration\masterActions.png
000017_EN_Connexo_1.0_User_guide\000017_UMNL_DeviceConfiguration\masterActions00001.png
000017_EN_Connexo_1.0_User_guide\000017_UMNL_DeviceConfiguration\info00001.png
000017_EN_Connexo_1.0_User_guide\000017_UMNL_DeviceConfiguration\masterActions00002.png
000017_EN_Connexo_1.0_User_guide\000017_UMNL_DeviceConfiguration\masterActions00003.png
000017_EN_Connexo_1.0_User_guide\000017_UMNL_DeviceConfiguration\masterActions00004.png
000017_EN_Connexo_1.0_User_guide\000017_UMNL_DeviceConfiguration\masterActions00005.png
000017_EN_Connexo_1.0_User_guide\000017_UMNL_DeviceConfiguration\masterActions00006.png
000017_EN_Connexo_1.0_User_guide\000017_UMNL_DeviceConfiguration\masterActions00007.png
000017_EN_Connexo_1.0_User_guide\000017_UMNL_DeviceConfiguration\Devices.png
000017_EN_Connexo_1.0_User_guide\000017_UMNL_DeviceConfiguration\masterActions00008.png
000017_EN_Connexo_1.0_User_guide\000017_UMNL_DeviceConfiguration\masterActions00009.png
000017_EN_Connexo_1.0_User_guide\000017_UMNL_DeviceConfiguration\masterActions00010.png
000017_EN_Connexo_1.0_User_guide\000017_UMNL_DeviceConfiguration\ActionButton.png
000017_EN_Connexo_1.0_User_guide\000017_UMNL_DeviceConfiguration\masterActions00011.png
000017_EN_Connexo_1.0_User_guide\000017_UMNL_DeviceConfiguration\masterActions00012.png
000017_EN_Connexo_1.0_User_guide\000017_UMNL_DeviceConfiguration\masterActions00013.png
000017_EN_Connexo_1.0_User_guide\000017_UMNL_DeviceConfiguration\masterActions00014.png
000017_EN_Connexo_1.0_User_guide\000017_UMNL_DeviceConfiguration\masterActions00015.png
000017_EN_Connexo_1.0_User_guide\000017_UMNL_DeviceConfiguration\masterActions00016.png
000017_EN_Connexo_1.0_User_guide\000017_UMNL_DeviceConfiguration\masterActions00017.png
000017_EN_Connexo_1.0_User_guide\000017_UMNL_DeviceConfiguration\masterActions00018.png
000017_EN_Connexo_1.0_User_guide\000017_UMNL_DeviceConfiguration\masterActions00019.png
000017_EN_Connexo_1.0_User_guide\000017_UMNL_DeviceConfiguration\ActionButton00001.png
000017_EN_Connexo_1.0_User_guide\000017_UMNL_DeviceConfiguration\ActionButton00002.png
000017_EN_Connexo_1.0_User_guide\000017_UMNL_DeviceConfiguration\masterActions00020.png
000017_EN_Connexo_1.0_User_guide\000017_UMNL_DeviceConfiguration\masterActions00021.png
000017_EN_Connexo_1.0_User_guide\000017_UMNL_DeviceConfiguration\masterActions00022.png
000017_EN_Connexo_1.0_User_guide\000017_UMNL_DeviceConfiguration\masterActions00023.png
000017_EN_Connexo_1.0_User_guide\000017_UMNL_DeviceConfiguration\ActionButton00003.png
000017_EN_Connexo_1.0_User_guide\000017_UMNL_DeviceConfiguration\ActionButton00004.png
000017_EN_Connexo_1.0_User_guide\000017_UMNL_DeviceConfiguration\page.png
000017_EN_Connexo_1.0_User_guide\000017_UMNL_DeviceConfiguration\Table.png
000017_EN_Connexo_1.0_User_guide\000017_UMNL_DeviceConfiguration\Graph.png
000017_EN_Connexo_1.0_User_guide\000017_UMNL_DeviceConfiguration\Export.png
000017_EN_Connexo_1.0_User_guide\000017_UMNL_DeviceConfiguration\info00002.png
000017_EN_Connexo_1.0_User_guide\000017_UMNL_DeviceConfiguration\info00003.png
000017_EN_Connexo_1.0_User_guide\000017_UMNL_DeviceConfiguration\masterActions00024.png
000017_EN_Connexo_1.0_User_guide\000017_UMNL_DeviceConfiguration\info00004.png
000017_EN_Connexo_1.0_User_guide\000017_UMNL_DeviceConfiguration\masterActions00025.png
000017_EN_Connexo_1.0_User_guide\000017_UMNL_DeviceConfiguration\info00005.png
000017_EN_Connexo_1.0_User_guide\000017_UMNL_DeviceConfiguration\masterActions00026.png
000017_EN_Connexo_1.0_User_guide\000017_UMNL_DeviceConfiguration\ActionButton00005.png
000017_EN_Connexo_1.0_User_guide\000017_UMNL_DeviceConfiguration\Restore_one.png
000017_EN_Connexo_1.0_User_guide\000017_UMNL_DeviceConfiguration\Restore_all.png
000017_EN_Connexo_1.0_User_guide\000017_UMNL_DeviceConfiguration\masterActions00027.png
000017_EN_Connexo_1.0_User_guide\000017_UMNL_DeviceConfiguration\ActionButton00006.png
000017_EN_Connexo_1.0_User_guide\000017_UMNL_DeviceConfiguration\Restore_one00001.png
000017_EN_Connexo_1.0_User_guide\000017_UMNL_DeviceConfiguration\Restore_all00001.png
000017_EN_Connexo_1.0_User_guide\000017_UMNL_DeviceConfiguration\masterActions00028.png
000017_EN_Connexo_1.0_User_guide\000017_UMNL_DeviceConfiguration\ActionButton00007.png
000017_EN_Connexo_1.0_User_guide\000017_UMNL_DeviceConfiguration\Restore_one00002.png
000017_EN_Connexo_1.0_User_guide\000017_UMNL_DeviceConfiguration\Restore_all00002.png
000017_EN_Connexo_1.0_User_guide\000017_UMNL_DeviceConfiguration\masterActions00029.png
000017_EN_Connexo_1.0_User_guide\000017_UMNL_DeviceConfiguration\masterActions00030.png
000017_EN_Connexo_1.0_User_guide\000017_UMNL_DeviceConfiguration\Change_device_configuration_registers.png
000017_EN_Connexo_1.0_User_guide\000017_UMNL_DeviceConfiguration\Change_device_configuration_noConflicts.png
000017_EN_Connexo_1.0_User_guide\000017_UMNL_DeviceConfiguration\Change_device_configuration_conflicts.png
000017_EN_Connexo_1.0_User_guide\000017_UMNL_DeviceConfiguration\masterActions00031.png
000017_EN_Connexo_1.0_User_guide\000017_UMNL_DeviceConfiguration\masterActions00032.png
000017_EN_Connexo_1.0_User_guide\000017_UMNL_DeviceConfiguration\ActionButton00008.png
000017_EN_Connexo_1.0_User_guide\000017_UMNL_DataLogger\masterActions.png
000017_EN_Connexo_1.0_User_guide\000017_UMNL_DataLogger\masterActions00001.png
000017_EN_Connexo_1.0_User_guide\000017_UMNL_DeviceCommunication\masterActions.png
000017_EN_Connexo_1.0_User_guide\000017_UMNL_DeviceCommunication\masterActions00001.png
000017_EN_Connexo_1.0_User_guide\000017_UMNL_DeviceCommunication\masterActions00002.png
000017_EN_Connexo_1.0_User_guide\000017_UMNL_DeviceCommunication\masterActions00003.png
000017_EN_Connexo_1.0_User_guide\000017_UMNL_DeviceCommunication\masterActions00004.png
000017_EN_Connexo_1.0_User_guide\000017_UMNL_DeviceCommunication\masterActions00005.png
000017_EN_Connexo_1.0_User_guide\000017_UMNL_DeviceCommunication\masterActions00006.png
000017_EN_Connexo_1.0_User_guide\000017_UMNL_DeviceCommunication\masterActions00007.png
000017_EN_Connexo_1.0_User_guide\000017_UMNL_DeviceCommunication\Communication_model_device.png
000017_EN_Connexo_1.0_User_guide\000017_UMNL_DeviceCommunication\masterActions00008.png
000017_EN_Connexo_1.0_User_guide\000017_UMNL_DeviceCommunication\masterActions00009.png
000017_EN_Connexo_1.0_User_guide\000017_UMNL_DeviceCommunication\info.png
000017_EN_Connexo_1.0_User_guide\000017_UMNL_DeviceCommunication\masterActions00010.png
000017_EN_Connexo_1.0_User_guide\000017_UMNL_DeviceCommunication\masterActions00011.png
000017_EN_Connexo_1.0_User_guide\000017_UMNL_DeviceCommunication\masterActions00012.png
000017_EN_Connexo_1.0_User_guide\000017_UMNL_DeviceCommunication\masterActions00013.png
000017_EN_Connexo_1.0_User_guide\000017_UMNL_DeviceCommunication\masterActions00014.png
000017_EN_Connexo_1.0_User_guide\000017_UMNL_DeviceCommunication\Connexo-privileges.png
000017_EN_Connexo_1.0_User_guide\000017_UMNL_DeviceCommunication\masterActions00015.png
000017_EN_Connexo_1.0_User_guide\000017_UMNL_DeviceCommunication\masterActions00016.png
000017_EN_Connexo_1.0_User_guide\000017_UMNL_DeviceCommunication\masterActions00017.png
000017_EN_Connexo_1.0_User_guide\000017_UMNL_DeviceCommunication\masterActions00018.png
000017_EN_Connexo_1.0_User_guide\000017_UMNL_DeviceCommunication\10_1_ConnectOnRequest_minimizeConnections.png
000017_EN_Connexo_1.0_User_guide\000017_UMNL_DeviceCommunication\10_1_ConnectOnRequest_ASAP.png
000017_EN_Connexo_1.0_User_guide\000017_UMNL_DeviceCommunication\edit_button.png
000017_EN_Connexo_1.0_User_guide\000017_UMNL_DeviceCommunication\Cancel_button.png
000017_EN_Connexo_1.0_User_guide\000017_UMNL_DeviceCommunication\masterActions00019.png
000017_EN_Connexo_1.0_User_guide\000017_UMNL_DeviceCommunication\masterActions00020.png
000017_EN_Connexo_1.0_User_guide\000017_UMNL_DeviceCommunication\ConnectionsOverview_10.2.png
000017_EN_Connexo_1.0_User_guide\000017_UMNL_DeviceCommunication\Task_state_diagram.png
000017_EN_Connexo_1.0_User_guide\000017_UMNL_DeviceCommunication\masterActions00021.png
000017_EN_Connexo_1.0_User_guide\000017_UMNL_DeviceCommunication\ActionButton.png
000017_EN_Connexo_1.0_User_guide\000017_UMNL_DeviceCommunication\masterActions00022.png
000017_EN_Connexo_1.0_User_guide\000017_UMNL_DeviceCommunication\ActionButton00001.png
000017_EN_Connexo_1.0_User_guide\000017_UMNL_DeviceCommunication\CommunicationsOverview_10.2.png
000017_EN_Connexo_1.0_User_guide\000017_UMNL_DeviceCommunication\masterActions00023.png
000017_EN_Connexo_1.0_User_guide\000017_UMNL_DeviceCommunication\ActionButton00002.png
000017_EN_Connexo_1.0_User_guide\000017_UMNL_DeviceCommunication\masterActions00024.png
000017_EN_Connexo_1.0_User_guide\000017_UMNL_DeviceCommunication\ActionButton00003.png
000017_EN_Connexo_1.0_User_guide\000017_UMNL_DeviceCommunication\page.png
000017_EN_Connexo_1.0_User_guide\000017_UMNL_DeviceCommunication\Table.png
000017_EN_Connexo_1.0_User_guide\000017_UMNL_DeviceCommunication\Graph.png
000017_EN_Connexo_1.0_User_guide\000017_UMNL_DeviceCommunication\Export.png
000017_EN_Connexo_1.0_User_guide\000017_UMNL_DeviceCommunication\page00001.png
000017_EN_Connexo_1.0_User_guide\000017_UMNL_DeviceCommunication\Table00001.png
000017_EN_Connexo_1.0_User_guide\000017_UMNL_DeviceCommunication\Graph00001.png
000017_EN_Connexo_1.0_User_guide\000017_UMNL_DeviceCommunication\Export00001.png
twistyimage4.png
twistyimage3.png
000017_EN_Connexo_1.0_User_guide\000017_UMNL_Collect_remote_data\masterActions.png
000017_EN_Connexo_1.0_User_guide\000017_UMNL_Collect_remote_data\masterActions00001.png
000017_EN_Connexo_1.0_User_guide\000017_UMNL_Collect_remote_data\masterActions00002.png
000017_EN_Connexo_1.0_User_guide\000017_UMNL_Collect_remote_data\masterActions00003.png
000017_EN_Connexo_1.0_User_guide\000017_UMNL_Collect_remote_data\masterActions00004.png
000017_EN_Connexo_1.0_User_guide\000017_UMNL_Collect_remote_data\masterActions00005.png
000017_EN_Connexo_1.0_User_guide\000017_UMNL_Collect_remote_data\masterActions00006.png
000017_EN_Connexo_1.0_User_guide\000017_UMNL_Collect_remote_data\masterActions00007.png
000017_EN_Connexo_1.0_User_guide\000017_UMNL_Collect_remote_data\masterActions00008.png
000017_EN_Connexo_1.0_User_guide\000017_UMNL_Collect_remote_data\masterActions00009.png
000017_EN_Connexo_1.0_User_guide\000017_UMNL_Collect_remote_data\info.png
000017_EN_Connexo_1.0_User_guide\000017_UMNL_Collect_remote_data\info00001.png
000017_EN_Connexo_1.0_User_guide\000017_UMNL_Collect_remote_data\MultiSense_10.2_ViewRegisterData.png
000017_EN_Connexo_1.0_User_guide\000017_UMNL_Collect_remote_data\info00002.png
000017_EN_Connexo_1.0_User_guide\000017_UMNL_Collect_remote_data\ViewLoadProfileData.png
000017_EN_Connexo_1.0_User_guide\000017_UMNL_Collect_remote_data\masterActions00010.png
000017_EN_Connexo_1.0_User_guide\000017_UMNL_Collect_remote_data\ViewChannelData.png
000017_EN_Connexo_1.0_User_guide\000017_UMNL_Collect_remote_data\info00003.png
000017_EN_Connexo_1.0_User_guide\000017_UMNL_Collect_remote_data\masterActions00011.png
000017_EN_Connexo_1.0_User_guide\000017_UMNL_Collect_remote_data\grid_export.png
000017_EN_Connexo_1.0_User_guide\000017_UMNL_DeviceCommands\masterActions.png
000017_EN_Connexo_1.0_User_guide\000017_UMNL_DeviceCommands\ActionButton.png
000017_EN_Connexo_1.0_User_guide\000017_UMNL_DeviceCommands\masterActions00001.png
000017_EN_Connexo_1.0_User_guide\000017_UMNL_DeviceCommands\masterActions00002.png
000017_EN_Connexo_1.0_User_guide\000017_UMNL_DeviceCommands\ActionButton00001.png
000017_EN_Connexo_1.0_User_guide\000017_UMNL_DeviceCommands\masterActions00003.png
000017_EN_Connexo_1.0_User_guide\000017_UMNL_DeviceCommands\masterActions00004.png
000017_EN_Connexo_1.0_User_guide\000017_UMNL_DeviceCommands\masterActions00005.png
000017_EN_Connexo_1.0_User_guide\000017_UMNL_DeviceCommands\masterActions00006.png
000017_EN_Connexo_1.0_User_guide\000017_UMNL_Firmware\Firmware_management_v2.png
000017_EN_Connexo_1.0_User_guide\000017_UMNL_Firmware\Firmware_status.png
000017_EN_Connexo_1.0_User_guide\000017_UMNL_Firmware\masterActions.png
000017_EN_Connexo_1.0_User_guide\000017_UMNL_Firmware\masterActions00001.png
000017_EN_Connexo_1.0_User_guide\000017_UMNL_Firmware\masterActions00002.png
000017_EN_Connexo_1.0_User_guide\000017_UMNL_Firmware\Firmware_management_MultiSense.png
000017_EN_Connexo_1.0_User_guide\000017_UMNL_Firmware\grid_export.png
000017_EN_Connexo_1.0_User_guide\000017_UMNL_Firmware\masterActions00003.png
000017_EN_Connexo_1.0_User_guide\000017_UMNL_Firmware\masterActions00004.png
000017_EN_Connexo_1.0_User_guide\000017_UMNL_Firmware\masterActions00005.png
000017_EN_Connexo_1.0_User_guide\000017_UMNL_Firmware\masterActions00006.png
000017_EN_Connexo_1.0_User_guide\000017_UMNL_TimeOfUse\Time_of_use.png
000017_EN_Connexo_1.0_User_guide\000017_UMNL_TimeOfUse\masterActions.png
000017_EN_Connexo_1.0_User_guide\000017_UMNL_TimeOfUse\masterActions00001.png
000017_EN_Connexo_1.0_User_guide\000017_UMNL_TimeOfUse\TimeOfUseCalendar.png
000017_EN_Connexo_1.0_User_guide\000017_UMNL_DeviceLifecycle\Device_life_cycle_management.png
000017_EN_Connexo_1.0_User_guide\000017_UMNL_DeviceLifecycle\Device-state-diagram_wo_recycle.png
000017_EN_Connexo_1.0_User_guide\000017_UMNL_DeviceLifecycle\masterActions.png
000017_EN_Connexo_1.0_User_guide\000017_UMNL_DeviceLifecycle\masterActions00001.png
000017_EN_Connexo_1.0_User_guide\000017_UMNL_DeviceLifecycle\masterActions00002.png
000017_EN_Connexo_1.0_User_guide\000017_UMNL_DeviceLifecycle\masterActions00003.png
000017_EN_Connexo_1.0_User_guide\000017_UMNL_DeviceLifecycle\masterActions00004.png
000017_EN_Connexo_1.0_User_guide\000017_UMNL_DeviceLifecycle\defaultItem.png
000017_EN_Connexo_1.0_User_guide\000017_UMNL_DeviceLifecycle\masterActions00005.png
000017_EN_Connexo_1.0_User_guide\000017_UMNL_DeviceLifecycle\masterActions00006.png
000017_EN_Connexo_1.0_User_guide\000017_UMNL_DeviceLifecycle\Device_life_cycle_management_2.png
000017_EN_Connexo_1.0_User_guide\000017_UMNL_DeviceLifecycle\masterActions00007.png
000017_EN_Connexo_1.0_User_guide\000017_UMNL_DeviceLifecycle\masterActions00008.png
000017_EN_Connexo_1.0_User_guide\000017_UMNL_DeviceLifecycle\ActionButton.png
000017_EN_Connexo_1.0_User_guide\000017_UMNL_DataManagement\delete.png
000017_EN_Connexo_1.0_User_guide\000017_UMNL_DataManagement\masterActions.png
000017_EN_Connexo_1.0_User_guide\000017_UMNL_DataManagement\masterActions00001.png
000017_EN_Connexo_1.0_User_guide\000017_UMNL_DataManagement\masterActions00002.png
000017_EN_Connexo_1.0_User_guide\000017_UMNL_DataManagement\masterActions00003.png
000017_EN_Connexo_1.0_User_guide\000017_UMNL_DataManagement\masterActions00004.png
000017_EN_Connexo_1.0_User_guide\000017_UMNL_Validate_data\validation_2.png
000017_EN_Connexo_1.0_User_guide\000017_UMNL_Validate_data\ValidationRuleSets.png
000017_EN_Connexo_1.0_User_guide\000017_UMNL_Validate_data\masterActions.png
000017_EN_Connexo_1.0_User_guide\000017_UMNL_Validate_data\masterActions00001.png
000017_EN_Connexo_1.0_User_guide\000017_UMNL_Validate_data\masterActions00002.png
000017_EN_Connexo_1.0_User_guide\000017_UMNL_Validate_data\masterActions00003.png
000017_EN_Connexo_1.0_User_guide\000017_UMNL_Validate_data\info.png
000017_EN_Connexo_1.0_User_guide\000017_UMNL_Validate_data\masterActions00004.png
000017_EN_Connexo_1.0_User_guide\000017_UMNL_Validate_data\masterActions00005.png
000017_EN_Connexo_1.0_User_guide\000017_UMNL_Validate_data\masterActions00006.png
000017_EN_Connexo_1.0_User_guide\000017_UMNL_Validate_data\masterActions00007.png
000017_EN_Connexo_1.0_User_guide\000017_UMNL_Validate_data\masterActions00008.png
000017_EN_Connexo_1.0_User_guide\000017_UMNL_Validate_data\masterActions00009.png
000017_EN_Connexo_1.0_User_guide\000017_UMNL_Validate_data\masterActions00010.png
000017_EN_Connexo_1.0_User_guide\000017_UMNL_Validate_data\masterActions00011.png
000017_EN_Connexo_1.0_User_guide\000017_UMNL_Validate_data\masterActions00012.png
000017_EN_Connexo_1.0_User_guide\000017_UMNL_Validate_data\masterActions00013.png
000017_EN_Connexo_1.0_User_guide\000017_UMNL_Validate_data\ActionButton.png
000017_EN_Connexo_1.0_User_guide\000017_UMNL_Validate_data\masterActions00014.png
000017_EN_Connexo_1.0_User_guide\000017_UMNL_Validate_data\ActionButton00001.png
000017_EN_Connexo_1.0_User_guide\000017_UMNL_Validate_data\masterActions00015.png
000017_EN_Connexo_1.0_User_guide\000017_UMNL_Validate_data\ActionButton00002.png
000017_EN_Connexo_1.0_User_guide\000017_UMNL_Validate_data\masterActions00016.png
000017_EN_Connexo_1.0_User_guide\000017_UMNL_Validate_data\ActionButton00003.png
000017_EN_Connexo_1.0_User_guide\000017_UMNL_Validate_data\masterActions00017.png
000017_EN_Connexo_1.0_User_guide\000017_UMNL_Validate_data\price_tag.png
000017_EN_Connexo_1.0_User_guide\000017_UMNL_Validate_data\price_tag00001.png
000017_EN_Connexo_1.0_User_guide\000017_UMNL_Validate_data\masterActions00018.png
000017_EN_Connexo_1.0_User_guide\000017_UMNL_Validate_data\masterActions00019.png
000017_EN_Connexo_1.0_User_guide\000017_UMNL_Validate_data\delete.png
000017_EN_Connexo_1.0_User_guide\000017_UMNL_Estimate_data\Estimation.png
000017_EN_Connexo_1.0_User_guide\000017_UMNL_Estimate_data\masterActions.png
000017_EN_Connexo_1.0_User_guide\000017_UMNL_Estimate_data\masterActions00001.png
000017_EN_Connexo_1.0_User_guide\000017_UMNL_Estimate_data\masterActions00002.png
000017_EN_Connexo_1.0_User_guide\000017_UMNL_Estimate_data\masterActions00003.png
000017_EN_Connexo_1.0_User_guide\000017_UMNL_Estimate_data\masterActions00004.png
000017_EN_Connexo_1.0_User_guide\000017_UMNL_Estimate_data\masterActions00005.png
000017_EN_Connexo_1.0_User_guide\000017_UMNL_Estimate_data\masterActions00006.png
000017_EN_Connexo_1.0_User_guide\000017_UMNL_Estimate_data\masterActions00007.png
000017_EN_Connexo_1.0_User_guide\000017_UMNL_Estimate_data\masterActions00008.png
000017_EN_Connexo_1.0_User_guide\000017_UMNL_Estimate_data\ActionButton.png
000017_EN_Connexo_1.0_User_guide\000017_UMNL_Estimate_data\masterActions00009.png
000017_EN_Connexo_1.0_User_guide\000017_UMNL_Estimate_data\masterActions00010.png
000017_EN_Connexo_1.0_User_guide\000017_UMNL_Get_data_valid\masterActions.png
000017_EN_Connexo_1.0_User_guide\000017_UMNL_Get_data_valid\Edit.png
000017_EN_Connexo_1.0_User_guide\000017_UMNL_Get_data_valid\masterActions00001.png
000017_EN_Connexo_1.0_User_guide\000017_UMNL_Get_data_valid\masterActions00002.png
000017_EN_Connexo_1.0_User_guide\000017_UMNL_Get_data_valid\Edit00001.png
000017_EN_Connexo_1.0_User_guide\000017_UMNL_Get_data_valid\masterActions00003.png
000017_EN_Connexo_1.0_User_guide\000017_UMNL_Get_data_valid\masterActions00004.png
000017_EN_Connexo_1.0_User_guide\000017_UMNL_Get_data_valid\Edit00002.png
000017_EN_Connexo_1.0_User_guide\000017_UMNL_Get_data_valid\Edit00003.png
000017_EN_Connexo_1.0_User_guide\000017_UMNL_Get_data_valid\masterActions00005.png
000017_EN_Connexo_1.0_User_guide\000017_UMNL_Get_data_valid\Remove.png
000017_EN_Connexo_1.0_User_guide\000017_UMNL_Get_data_valid\Remove00001.png
000017_EN_Connexo_1.0_User_guide\000017_UMNL_Manage_issues\MultiSense_10.2_IssueManagement.png
000017_EN_Connexo_1.0_User_guide\000017_UMNL_Manage_issues\IssuesOverview.png
000017_EN_Connexo_1.0_User_guide\000017_UMNL_Manage_issues\masterActions.png
000017_EN_Connexo_1.0_User_guide\000017_UMNL_Manage_issues\masterActions00001.png
000017_EN_Connexo_1.0_User_guide\000017_UMNL_Manage_issues\masterActions00002.png
000017_EN_Connexo_1.0_User_guide\000017_UMNL_Manage_issues\Filter.png
000017_EN_Connexo_1.0_User_guide\000017_UMNL_Manage_issues\delete.png
000017_EN_Connexo_1.0_User_guide\000017_UMNL_Manage_issues\MultiSense_10.2_View_issues.png
000017_EN_Connexo_1.0_User_guide\000017_UMNL_Manage_issues\ActionButton.png
000017_EN_Connexo_1.0_User_guide\000017_UMNL_Manage_issues\masterActions00003.png
000017_EN_Connexo_1.0_User_guide\000017_UMNL_Manage_issues\ActionButton00001.png
000017_EN_Connexo_1.0_User_guide\000017_UMNL_Manage_issues\masterActions00004.png
000017_EN_Connexo_1.0_User_guide\000017_UMNL_Manage_issues\ActionButton00002.png
000017_EN_Connexo_1.0_User_guide\000017_UMNL_Manage_issues\masterActions00005.png
000017_EN_Connexo_1.0_User_guide\000017_UMNL_Manage_issues\ActionButton00003.png
000017_EN_Connexo_1.0_User_guide\000017_UMNL_Manage_issues\masterActions00006.png
000017_EN_Connexo_1.0_User_guide\000017_UMNL_Manage_issues\ActionButton00004.png
000017_EN_Connexo_1.0_User_guide\000017_UMNL_Manage_issues\masterActions00007.png
000017_EN_Connexo_1.0_User_guide\000017_UMNL_Manage_issues\ActionButton00005.png
000017_EN_Connexo_1.0_User_guide\000017_UMNL_Manage_issues\masterActions00008.png
000017_EN_Connexo_1.0_User_guide\000017_UMNL_Manage_issues\ActionButton00006.png
000017_EN_Connexo_1.0_User_guide\000017_UMNL_Topology\Topology.png
000017_EN_Connexo_1.0_User_guide\000017_UMNL_Topology\Edit.png
000017_EN_Connexo_1.0_User_guide\000017_UMNL_ImportData\masterActions.png
000017_EN_Connexo_1.0_User_guide\000017_UMNL_ImportData\masterActions00001.png
000017_EN_Connexo_1.0_User_guide\000017_UMNL_ExportData\Data_export_v2.png
000017_EN_Connexo_1.0_User_guide\000017_UMNL_ExportData\info.png
000017_EN_Connexo_1.0_User_guide\000017_UMNL_ExportData\masterActions.png
000017_EN_Connexo_1.0_User_guide\000017_UMNL_ExportData\ActionButton.png
000017_EN_Connexo_1.0_User_guide\000017_UMNL_ExportData\masterActions00001.png
000017_EN_Connexo_1.0_User_guide\000017_UMNL_ExportData\masterActions00002.png
000017_EN_Connexo_1.0_User_guide\000017_UMNL_ExportData\masterActions00003.png
000017_EN_Connexo_1.0_User_guide\000017_UMNL_ExportData\ActionButton00001.png
000017_EN_Connexo_1.0_User_guide\000017_UMNL_Processes\ActionButton.png
000017_EN_Connexo_1.0_User_guide\000017_UMNL_Processes\ProcessesOnIssues.png
000017_EN_Connexo_1.0_User_guide\000017_UMNL_Processes\masterActions.png
000017_EN_Connexo_1.0_User_guide\000017_UMNL_Processes\masterActions00001.png
000017_EN_Connexo_1.0_User_guide\000017_UMNL_Processes\masterActions00002.png
000017_EN_Connexo_1.0_User_guide\000017_UMNL_Service_calls\Service_call_status_diagram.png
000017_EN_Connexo_1.0_User_guide\000017_UMNL_Service_calls\Navigate_service_calls.png
000017_EN_Connexo_1.0_User_guide\000017_UMNL_Service_calls\ViewAllServiceCalls.png
000017_EN_Connexo_1.0_User_guide\000017_UMNL_Service_calls\ViewServiceCallOverview.png
000017_EN_Connexo_1.0_User_guide\000017_UMNL_Service_calls\ViewServiceCallSpecifications.png
000017_EN_Connexo_1.0_User_guide\000017_UMNL_Service_calls\ViewServiceCallWithoutChildren.png
000017_EN_Connexo_1.0_User_guide\000017_UMNL_Service_calls\masterActions.png
000017_EN_Connexo_1.0_User_guide\000017_UMNL_Service_calls\masterActions00001.png
000017_EN_Connexo_1.0_User_guide\000017_UMNL_Find_data\MultiSense_10.1_Search.png
000017_EN_Connexo_1.0_User_guide\000017_UMNL_Find_data\delete.png
ehlpdhtm.js
Responsive_HTML5_stylesheet.css
RoboHHRE.lng
whxdata\toc2.js
whxdata\toc3.js
whxdata\toc4.js
whxdata\toc5.js
whxdata\toc1.js
whxdata\toc7.js
whxdata\toc6.js
whxdata\toc9.js
whxdata\toc10.js
whxdata\toc11.js
whxdata\toc12.js
whxdata\toc8.js
whxdata\toc14.js
whxdata\toc15.js
whxdata\toc13.js
whxdata\toc17.js
whxdata\toc18.js
whxdata\toc19.js
whxdata\toc20.js
whxdata\toc21.js
whxdata\toc16.js
whxdata\toc23.js
whxdata\toc24.js
whxdata\toc25.js
whxdata\toc22.js
whxdata\toc27.js
whxdata\toc28.js
whxdata\toc29.js
whxdata\toc26.js
whxdata\toc31.js
whxdata\toc32.js
whxdata\toc30.js
whxdata\toc34.js
whxdata\toc35.js
whxdata\toc33.js
whxdata\toc37.js
whxdata\toc38.js
whxdata\toc39.js
whxdata\toc40.js
whxdata\toc36.js
whxdata\toc42.js
whxdata\toc43.js
whxdata\toc41.js
whxdata\toc45.js
whxdata\toc46.js
whxdata\toc47.js
whxdata\toc48.js
whxdata\toc44.js
whxdata\toc50.js
whxdata\toc51.js
whxdata\toc49.js
whxdata\toc53.js
whxdata\toc54.js
whxdata\toc55.js
whxdata\toc52.js
whxdata\toc57.js
whxdata\toc58.js
whxdata\toc56.js
whxdata\toc60.js
whxdata\toc59.js
whxdata\toc62.js
whxdata\toc61.js
whxdata\toc64.js
whxdata\toc65.js
whxdata\toc66.js
whxdata\toc63.js
whxdata\toc68.js
whxdata\toc69.js
whxdata\toc70.js
whxdata\toc67.js
whxdata\toc72.js
whxdata\toc73.js
whxdata\toc71.js
whxdata\toc75.js
whxdata\toc76.js
whxdata\toc74.js
whxdata\toc77.js
whxdata\toc.js
whxdata\idx.js
whxdata\gdata1.js
whxdata\gdata2.js
whxdata\glo.js
whxdata\package_0_xml.js
whxdata\package_1_xml.js
whxdata\package_2_xml.js
whxdata\package_3_xml.js
whxdata\package_4_xml.js
whxdata\package_5_xml.js
whxdata\package_6_xml.js
whxdata\package_7_xml.js
whxdata\package_8_xml.js
whxdata\package_9_xml.js
whxdata\package_10_xml.js
whxdata\package_11_xml.js
whxdata\package_12_xml.js
whxdata\package_13_xml.js
whxdata\package_14_xml.js
whxdata\package_15_xml.js
whxdata\package_16_xml.js
whxdata\package_17_xml.js
whxdata\package_18_xml.js
whxdata\package_19_xml.js
whxdata\package_20_xml.js
whxdata\package_21_xml.js
whxdata\package_22_xml.js
whxdata\package_23_xml.js
whxdata\package_24_xml.js
whxdata\package_25_xml.js
whxdata\package_26_xml.js
whxdata\package_27_xml.js
whxdata\package_28_xml.js
whxdata\package_29_xml.js
whxdata\package_30_xml.js
whxdata\package_31_xml.js
whxdata\package_32_xml.js
whxdata\package_33_xml.js
whxdata\package_34_xml.js
whxdata\package_35_xml.js
whxdata\package_36_xml.js
whxdata\package_37_xml.js
whxdata\package_38_xml.js
whxdata\package_39_xml.js
whxdata\package_40_xml.js
whxdata\package_41_xml.js
whxdata\package_42_xml.js
whxdata\package_43_xml.js
whxdata\package_44_xml.js
whxdata\packageindex_xml.js
whxdata\synonym.xml
whxdata\synonym_xml.js
whxdata\topictable_0_xml.js
whxdata\topictable_1_xml.js
whxdata\topictable_2_xml.js
whxdata\topictable_3_xml.js
whxdata\topictable_4_xml.js
whxdata\topictableindex_xml.js
whxdata\whfts.xml
whxdata\whfts_xml.js
whxdata\csh.js
whxdata\window.js
projectdata.js
